"../../../Engine/Content/EngineMaterials/T_Default_Material_Grid_N.uasset" 0
"../../../Engine/Content/EngineMaterials/T_Default_Material_Grid_M.uasset" 1
"../../../Engine/Content/Functions/Engine_MaterialFunctions01/Opacity/CameraDepthFade.uasset" 2
"../../../Engine/Content/EngineMaterials/WorldGridMaterial.uasset" 3
"../../../Engine/Content/ArtTools/RenderToTexture/Meshes/S_1_Unit_Plane.uasset" 4
"../../../Engine/Content/EngineMaterials/DefaultMaterial.uasset" 5
"../../../Engine/Content/BasicShapes/Cone.uasset" 6
"../../../Engine/Content/BasicShapes/Cube.uasset" 7
"../../../Engine/Content/BasicShapes/Plane.uasset" 8
"../../../Engine/Content/BasicShapes/Sphere.uasset" 9
"../../../Engine/Content/EngineMaterials/DefaultPhysicalMaterial.uasset" 10
"../../../Engine/Content/BufferVisualization/AmbientOcclusion.uasset" 11
"../../../Engine/Content/Functions/Engine_MaterialFunctions02/Utility/AppendMany.uasset" 12
"../../../Engine/Content/BufferVisualization/Anisotropy.uasset" 13
"../../../Engine/Content/BufferVisualization/BaseColor.uasset" 14
"../../../Engine/Content/BufferVisualization/CustomDepth.uasset" 15
"../../../Engine/Content/Functions/Engine_MaterialFunctions02/Utility/VectorLength.uasset" 16
"../../../Engine/Content/BufferVisualization/CustomDepthWorldUnits.uasset" 17
"../../../Engine/Content/Functions/Engine_MaterialFunctions02/Utility/BreakOutFloat2Components.uasset" 18
"../../../Engine/Content/Functions/Engine_MaterialFunctions01/Texturing/ScaleUVsByCenter.uasset" 19
"../../../Engine/Content/EngineMaterials/MiniFont.uasset" 20
"../../../Engine/Content/Functions/Engine_MaterialFunctions02/Utility/MakeFloat3.uasset" 21
"../../../Engine/Content/Functions/Engine_MaterialFunctions02/Utility/MakeFloat2.uasset" 22
"../../../Engine/Content/Functions/Engine_MaterialFunctions02/ScreenResolution.uasset" 23
"../../../Engine/Content/Functions/Engine_MaterialFunctions02/Texturing/ScreenAlignedUVs.uasset" 24
"../../../Engine/Content/BufferVisualization/CustomStencil.uasset" 25
"../../../Engine/Content/BufferVisualization/FinalImage.uasset" 26
"../../../Engine/Content/BufferVisualization/LightingModel.uasset" 27
"../../../Engine/Content/BufferVisualization/MaterialAO.uasset" 28
"../../../Engine/Content/BufferVisualization/Metallic.uasset" 29
"../../../Engine/Content/BufferVisualization/Opacity.uasset" 30
"../../../Engine/Content/BufferVisualization/PostTonemapHDRColor.uasset" 31
"../../../Engine/Content/BufferVisualization/PreTonemapHDRColor.uasset" 32
"../../../Engine/Content/BufferVisualization/Roughness.uasset" 33
"../../../Engine/Content/BufferVisualization/SceneColor.uasset" 34
"../../../Engine/Content/BufferVisualization/SceneDepth.uasset" 35
"../../../Engine/Content/BufferVisualization/SceneDepthWorldUnits.uasset" 36
"../../../Engine/Content/BufferVisualization/SeparateTranslucencyA.uasset" 37
"../../../Engine/Content/BufferVisualization/SeparateTranslucencyRGB.uasset" 38
"../../../Engine/Content/BufferVisualization/Specular.uasset" 39
"../../../Engine/Content/BufferVisualization/SubsurfaceColor.uasset" 40
"../../../Engine/Content/BufferVisualization/Velocity.uasset" 41
"../../../Engine/Content/BufferVisualization/WorldNormal.uasset" 42
"../../../Engine/Content/BufferVisualization/WorldTangent.uasset" 43
"../../../Engine/Content/EditorLandscapeResources/DataLayer.uasset" 44
"../../../Engine/Content/EditorLandscapeResources/DefaultAlphaTexture.uasset" 45
"../../../Engine/Content/EditorLandscapeResources/LandscapeGizmoHeight_Mat.uasset" 46
"../../../Engine/Content/EditorLandscapeResources/LandscapeGizmo_Mat.uasset" 47
"../../../Engine/Content/EditorLandscapeResources/LandscapeGizmo_Mat_Copied.uasset" 48
"../../../Engine/Content/EditorLandscapeResources/SplineEditorMeshMat.uasset" 49
"../../../Engine/Content/EditorLandscapeResources/SplineEditorMesh.uasset" 50
"../../../Engine/Content/EditorMaterials/Cross.uasset" 51
"../../../Engine/Content/EditorMaterials/Cross_Mat.uasset" 52
"../../../Engine/Content/EditorResources/T_EditorHelp.uasset" 53
"../../../Engine/Content/Functions/Engine_MaterialFunctions02/Utility/Sign.uasset" 54
"../../../Engine/Content/Functions/Engine_MaterialFunctions02/Utility/Round.uasset" 55
"../../../Engine/Content/Functions/Engine_MaterialFunctions02/ExampleContent/Textures/DebugNumberPeriod.uasset" 56
"../../../Engine/Content/Functions/Engine_MaterialFunctions02/ExampleContent/DebugNumberStrip.uasset" 57
"../../../Engine/Content/EngineMaterials/DefaultDiffuse.uasset" 58
"../../../Engine/Content/Functions/Engine_MaterialFunctions01/Texturing/TextureCropping.uasset" 59
"../../../Engine/Content/Functions/Engine_MaterialFunctions01/Texturing/ComputeMipLevel.uasset" 60
"../../../Engine/Content/Functions/Engine_MaterialFunctions02/Utility/DebugScalarValues.uasset" 61
"../../../Engine/Content/Functions/Engine_MaterialFunctions02/Utility/DebugFloat2Values.uasset" 62
"../../../Engine/Content/Functions/Engine_MaterialFunctions02/ExampleContent/Textures/flipbook.uasset" 63
"../../../Engine/Content/Functions/Engine_MaterialFunctions02/Texturing/FlipBook.uasset" 64
"../../../Engine/Content/EditorMaterials/HelpActorMaterial.uasset" 65
"../../../Engine/Content/Functions/Engine_MaterialFunctions03/Procedurals/ComputeFilterWidth.uasset" 66
"../../../Engine/Content/EngineMaterials/BlendFunc_DefBlend.uasset" 67
"../../../Engine/Content/EngineMaterials/BlendFunc_DefBase.uasset" 68
"../../../Engine/Content/Functions/Engine_MaterialFunctions03/Blends/Blend_Screen.uasset" 69
"../../../Engine/Content/EditorMaterials/TilingAALineIntegral.uasset" 70
"../../../Engine/Content/EditorMaterials/TilingAALineBoxFiltered.uasset" 71
"../../../Engine/Content/EditorMaterials/TilingAAGrid.uasset" 72
"../../../Engine/Content/EditorMaterials/TilingAADots.uasset" 73
"../../../Engine/Content/EditorMaterials/CompositeARGBLayer.uasset" 74
"../../../Engine/Content/EditorMaterials/LevelGridMaterial.uasset" 75
"../../../Engine/Content/EditorMaterials/MAT_Groups_Toggle.uasset" 76
"../../../Engine/Content/EditorMaterials/MAT_Groups_Visibility.uasset" 77
"../../../Engine/Content/EditorMaterials/PhAT_BoneSelectedMaterial.uasset" 78
"../../../Engine/Content/EditorMaterials/PhAT_ElemSelectedMaterial.uasset" 79
"../../../Engine/Content/EditorMaterials/PhAT_NoCollisionMaterial.uasset" 80
"../../../Engine/Content/EditorMaterials/PhAT_UnselectedMaterial.uasset" 81
"../../../Engine/Content/EditorMaterials/PreviewShadowIndicator.uasset" 82
"../../../Engine/Content/EditorMaterials/PreviewShadowIndicatorMaterial.uasset" 83
"../../../Engine/Content/EditorMaterials/TargetIcon.uasset" 84
"../../../Engine/Content/EditorMaterials/Tick.uasset" 85
"../../../Engine/Content/EditorMaterials/Tick_Mat.uasset" 86
"../../../Engine/Content/EditorMaterials/WidgetGridVertexColorMaterial.uasset" 87
"../../../Engine/Content/EditorMaterials/WidgetGridVertexColorMaterial_Ma.uasset" 88
"../../../Engine/Content/EditorMaterials/WidgetMaterial.uasset" 89
"../../../Engine/Content/EditorMaterials/WidgetMaterial_Current.uasset" 90
"../../../Engine/Content/EditorMaterials/WidgetMaterial_X.uasset" 91
"../../../Engine/Content/EditorMaterials/WidgetMaterial_Y.uasset" 92
"../../../Engine/Content/EditorMaterials/WidgetMaterial_Z.uasset" 93
"../../../Engine/Content/EditorMaterials/WidgetVertexColorMaterial.uasset" 94
"../../../Engine/Content/EditorMaterials/MatineeGroups/MAT_ColorTrack.uasset" 95
"../../../Engine/Content/EditorMaterials/MatineeGroups/MAT_Groups_Anim.uasset" 96
"../../../Engine/Content/EditorMaterials/MatineeGroups/MAT_Groups_AudioMaster.uasset" 97
"../../../Engine/Content/EditorMaterials/MatineeGroups/MAT_Groups_Director.uasset" 98
"../../../Engine/Content/EditorMaterials/MatineeGroups/MAT_Groups_Event.uasset" 99
"../../../Engine/Content/EditorMaterials/MatineeGroups/MAT_Groups_Fade.uasset" 100
"../../../Engine/Content/EditorMaterials/MatineeGroups/MAT_Groups_Float.uasset" 101
"../../../Engine/Content/EditorMaterials/MatineeGroups/MAT_Groups_Move.uasset" 102
"../../../Engine/Content/EditorMaterials/MatineeGroups/MAT_Groups_Slomo.uasset" 103
"../../../Engine/Content/EditorMaterials/MatineeGroups/MAT_Groups_Sound.uasset" 104
"../../../Engine/Content/EditorMaterials/MatineeGroups/MAT_Groups_Vector.uasset" 105
"../../../Engine/Content/EditorMaterials/ParticleSystems/PSysThumbnail_NoImage.uasset" 106
"../../../Engine/Content/EditorMaterials/ParticleSystems/PSysThumbnail_OOD.uasset" 107
"../../../Engine/Content/EngineMaterials/Grid.uasset" 108
"../../../Engine/Content/EditorMaterials/Thumbnails/FloorPlaneMaterial.uasset" 109
"../../../Engine/Content/EditorMeshes/EditorCube.uasset" 110
"../../../Engine/Content/EditorMeshes/EditorCylinder.uasset" 111
"../../../Engine/Content/EditorMeshes/EditorPlane.uasset" 112
"../../../Engine/Content/EditorMaterials/Thumbnails/SkySphereMaterial.uasset" 113
"../../../Engine/Content/EditorMeshes/EditorSkySphere.uasset" 114
"../../../Engine/Content/EditorMeshes/EditorSphere.uasset" 115
"../../../Engine/Content/EditorResources/MatineeCam_D.uasset" 116
"../../../Engine/Content/EditorMaterials/MatineeCam_mat.uasset" 117
"../../../Engine/Content/EditorMeshes/MatineeCam_SM.uasset" 118
"../../../Engine/Content/EditorMeshes/PlanarReflectionPlane.uasset" 119
"../../../Engine/Content/EngineDebugMaterials/M_SimpleOpaque.uasset" 120
"../../../Engine/Content/EditorMaterials/Camera/MI_CineMat_CamViewFinder.uasset" 121
"../../../Engine/Content/EditorMaterials/Camera/CineMat.uasset" 122
"../../../Engine/Content/EditorMaterials/Camera/MI_CineMat_CameraBody.uasset" 123
"../../../Engine/Content/EditorMeshes/Camera/SM_CineCam.uasset" 124
"../../../Engine/Content/EditorMaterials/Camera/MI_CineMat_Rig.uasset" 125
"../../../Engine/Content/EditorMeshes/Camera/SM_CraneRig_Arm.uasset" 126
"../../../Engine/Content/EditorMeshes/Camera/SM_CraneRig_Base.uasset" 127
"../../../Engine/Content/EditorMeshes/Camera/SM_CraneRig_Body.uasset" 128
"../../../Engine/Content/EditorMeshes/Camera/SM_CraneRig_Mount.uasset" 129
"../../../Engine/Content/EditorMeshes/Camera/SM_RailRig_Mount.uasset" 130
"../../../Engine/Content/EditorMeshes/Camera/SM_RailRig_Track.uasset" 131
"../../../Engine/Content/EditorMeshes/ColorCalibrator/M_ChromeBall.uasset" 132
"../../../Engine/Content/EditorResources/Bad.uasset" 133
"../../../Engine/Content/EditorResources/BSPVertex.uasset" 134
"../../../Engine/Content/EditorResources/MatInstActSprite.uasset" 135
"../../../Engine/Content/EditorResources/SceneManager.uasset" 136
"../../../Engine/Content/EditorResources/SmallFont.uasset" 137
"../../../Engine/Content/EditorResources/S_Actor.uasset" 138
"../../../Engine/Content/EditorResources/S_CameraShakeSource.uasset" 139
"../../../Engine/Content/EditorResources/S_DecalActorIcon.uasset" 140
"../../../Engine/Content/EditorResources/S_Emitter.uasset" 141
"../../../Engine/Content/EditorResources/S_ExpoHeightFog.uasset" 142
"../../../Engine/Content/EditorResources/S_FTest.uasset" 143
"../../../Engine/Content/EditorResources/S_KBSJoint.uasset" 144
"../../../Engine/Content/EditorResources/S_KHinge.uasset" 145
"../../../Engine/Content/EditorResources/S_KPrismatic.uasset" 146
"../../../Engine/Content/EditorResources/S_LevelSequence.uasset" 147
"../../../Engine/Content/EditorResources/S_NavP.uasset" 148
"../../../Engine/Content/EditorResources/S_Note.uasset" 149
"../../../Engine/Content/EditorResources/S_Player.uasset" 150
"../../../Engine/Content/EditorResources/S_PortalActorIcon2.uasset" 151
"../../../Engine/Content/EditorResources/S_RadForce.uasset" 152
"../../../Engine/Content/EditorResources/S_ReflActorIcon.uasset" 153
"../../../Engine/Content/EditorResources/S_SkyAtmosphere.uasset" 154
"../../../Engine/Content/EditorResources/S_Solver.uasset" 155
"../../../Engine/Content/EditorResources/S_Terrain.uasset" 156
"../../../Engine/Content/EditorResources/S_TextRenderActorIcon.uasset" 157
"../../../Engine/Content/EditorResources/S_Thruster.uasset" 158
"../../../Engine/Content/EditorResources/S_Trigger.uasset" 159
"../../../Engine/Content/EditorResources/S_VectorFieldVol.uasset" 160
"../../../Engine/Content/EditorResources/S_VolumetricCloud.uasset" 161
"../../../Engine/Content/EditorResources/S_WindDirectional.uasset" 162
"../../../Engine/Content/EditorResources/AI/S_NavLink.uasset" 163
"../../../Engine/Content/EditorResources/LightIcons/SkyLight.uasset" 164
"../../../Engine/Content/EditorResources/LightIcons/S_LightDirectional.uasset" 165
"../../../Engine/Content/EditorResources/LightIcons/S_LightDirectionalMove.uasset" 166
"../../../Engine/Content/EditorResources/LightIcons/S_LightError.uasset" 167
"../../../Engine/Content/EditorResources/LightIcons/S_LightPoint.uasset" 168
"../../../Engine/Content/EditorResources/LightIcons/S_LightPointMove.uasset" 169
"../../../Engine/Content/EditorResources/LightIcons/S_LightSpot.uasset" 170
"../../../Engine/Content/EditorResources/LightIcons/S_LightSpotMove.uasset" 171
"../../../Engine/Content/EditorResources/SequenceRecorder/Countdown.uasset" 172
"../../../Engine/Content/EditorResources/SequenceRecorder/RecordingIndicator.uasset" 173
"../../../Engine/Content/EditorResources/Spline/T_Loft_Spline.uasset" 174
"../../../Engine/Content/EditorSounds/Notifications/CompileFailed.uasset" 175
"../../../Engine/Content/EditorSounds/Notifications/CompileFailed_Cue.uasset" 176
"../../../Engine/Content/EditorSounds/Notifications/CompileSuccess.uasset" 177
"../../../Engine/Content/EditorSounds/Notifications/CompileStart_Cue.uasset" 178
"../../../Engine/Content/EditorSounds/Notifications/CompileSuccess_Cue.uasset" 179
"../../../Engine/Content/EngineDamageTypes/DmgTypeBP_Environmental.uasset" 180
"../../../Engine/Content/EngineDebugMaterials/HeatmapGradient.uasset" 181
"../../../Engine/Content/EngineDebugMaterials/BoneWeightMaterial.uasset" 182
"../../../Engine/Content/EngineDebugMaterials/ClothMaterial.uasset" 183
"../../../Engine/Content/EngineDebugMaterials/ClothMaterial_WF.uasset" 184
"../../../Engine/Content/EngineDebugMaterials/DebugEditorMaterial.uasset" 185
"../../../Engine/Content/EngineDebugMaterials/DebugMeshMaterial.uasset" 186
"../../../Engine/Content/EngineDebugMaterials/GeomMaterial.uasset" 187
"../../../Engine/Content/Functions/Engine_MaterialFunctions01/Shading/ConvertFromDiffSpec.uasset" 188
"../../../Engine/Content/EngineDebugMaterials/LevelColorationLitMaterial.uasset" 189
"../../../Engine/Content/EngineDebugMaterials/LevelColorationUnlitMaterial.uasset" 190
"../../../Engine/Content/EngineMaterials/DefaultWhiteGrid.uasset" 191
"../../../Engine/Content/EngineDebugMaterials/MAT_LevelColorationLitLightmapUV.uasset" 192
"../../../Engine/Content/EngineDebugMaterials/M_SimpleUnlitTranslucent.uasset" 193
"../../../Engine/Content/EngineDebugMaterials/VolumeToRender.uasset" 194
"../../../Engine/Content/Functions/Engine_MaterialFunctions02/Utility/CameraDirectionVector.uasset" 195
"../../../Engine/Content/EngineDebugMaterials/M_VolumeRenderSphereTracePP.uasset" 196
"../../../Engine/Content/EngineMaterials/DefaultWhiteGrid_Low.uasset" 197
"../../../Engine/Content/EngineDebugMaterials/PhysicalMaterialMaskMaterial.uasset" 198
"../../../Engine/Content/EngineDebugMaterials/ShadedLevelColorationLitMaterial.uasset" 199
"../../../Engine/Content/EngineDebugMaterials/ShadedLevelColorationUnlitMateri.uasset" 200
"../../../Engine/Content/EngineDebugMaterials/VertexColorMaterial.uasset" 201
"../../../Engine/Content/EngineDebugMaterials/VertexColorViewMode_AlphaAsColor.uasset" 202
"../../../Engine/Content/EngineDebugMaterials/VertexColorViewMode_BlueOnly.uasset" 203
"../../../Engine/Content/EngineDebugMaterials/VertexColorViewMode_ColorOnly.uasset" 204
"../../../Engine/Content/EngineDebugMaterials/VertexColorViewMode_GreenOnly.uasset" 205
"../../../Engine/Content/EngineDebugMaterials/VertexColorViewMode_RedOnly.uasset" 206
"../../../Engine/Content/EngineDebugMaterials/WireframeMaterial.uasset" 207
"../../../Engine/Content/EngineFonts/Faces/RobotoRegular.uasset" 208
"../../../Engine/Content/EngineFonts/Faces/RobotoLight.uasset" 209
"../../../Engine/Content/EngineFonts/Faces/RobotoItalic.uasset" 210
"../../../Engine/Content/EngineFonts/Faces/RobotoBoldItalic.uasset" 211
"../../../Engine/Content/EngineFonts/Faces/RobotoBold.uasset" 212
"../../../Engine/Content/EngineFonts/Faces/DroidSansFallback.uasset" 213
"../../../Engine/Content/EngineFonts/Roboto.uasset" 214
"../../../Engine/Content/EngineFonts/Faces/RobotoTiny.uasset" 215
"../../../Engine/Content/EngineFonts/RobotoTiny.uasset" 216
"../../../Engine/Content/EngineFonts/SmallFont.uasset" 217
"../../../Engine/Content/EngineFonts/TinyFont.uasset" 218
"../../../Engine/Content/EngineMaterials/BaseFlattenNormalMap.uasset" 219
"../../../Engine/Content/EngineMaterials/BaseFlattenGrayscaleMap.uasset" 220
"../../../Engine/Content/EngineMaterials/BaseFlattenEmissiveMap.uasset" 221
"../../../Engine/Content/EngineMaterials/BaseFlattenDiffuseMap.uasset" 222
"../../../Engine/Content/EngineMaterials/BaseFlattenMaterial.uasset" 223
"../../../Engine/Content/EngineResources/WhiteSquareTexture.uasset" 224
"../../../Engine/Content/EngineMaterials/BlinkingCaret.uasset" 225
"../../../Engine/Content/EngineMaterials/BlueNoise.uasset" 226
"../../../Engine/Content/EngineMaterials/DefaultBloomKernel.uasset" 227
"../../../Engine/Content/EngineMaterials/DefaultBokeh.uasset" 228
"../../../Engine/Content/EngineMaterials/DefaultDeferredDecalMaterial.uasset" 229
"../../../Engine/Content/EngineMaterials/DefaultDiffuse_TC_Masks.uasset" 230
"../../../Engine/Content/EngineMaterials/DefaultLightFunctionMaterial.uasset" 231
"../../../Engine/Content/EngineMaterials/DefaultNormal.uasset" 232
"../../../Engine/Content/EngineMaterials/DefaultPostProcessMaterial.uasset" 233
"../../../Engine/Content/EngineFonts/RobotoDistanceField.uasset" 234
"../../../Engine/Content/EngineMaterials/DefaultTextMaterialOpaque.uasset" 235
"../../../Engine/Content/EngineMaterials/EditorBrushMaterial.uasset" 236
"../../../Engine/Content/EngineMaterials/EmissiveMeshMaterial.uasset" 237
"../../../Engine/Content/EngineMaterials/GizmoMaterial.uasset" 238
"../../../Engine/Content/EngineMaterials/Good64x64TilingNoiseHighFreq.uasset" 239
"../../../Engine/Content/EngineMaterials/Grid_N.uasset" 240
"../../../Engine/Content/EngineMaterials/HighResolutionScreenshotMaskFunction.uasset" 241
"../../../Engine/Content/EngineMaterials/HighResScreenshot.uasset" 242
"../../../Engine/Content/EngineMaterials/HighResScreenshotCaptureRegion.uasset" 243
"../../../Engine/Content/EngineMaterials/HighResScreenshotMask.uasset" 244
"../../../Engine/Content/EngineMaterials/LandscapeHolePhysicalMaterial.uasset" 245
"../../../Engine/Content/EngineMaterials/InvalidLightmapSettings.uasset" 246
"../../../Engine/Content/EngineMaterials/M_InvalidLightmapSettings.uasset" 247
"../../../Engine/Content/EngineMaterials/PaperDiffuse.uasset" 248
"../../../Engine/Content/EngineMaterials/PaperNormal.uasset" 249
"../../../Engine/Content/Functions/Engine_MaterialFunctions02/WorldPositionOffset/CameraOffset.uasset" 250
"../../../Engine/Content/EngineMaterials/PhAT_JointLimitMaterial.uasset" 251
"../../../Engine/Content/EngineMaterials/PhysMat_Rubber.uasset" 252
"../../../Engine/Content/EngineMaterials/PreintegratedSkinBRDF.uasset" 253
"../../../Engine/Content/EngineMaterials/RemoveSurfaceMaterial.uasset" 254
"../../../Engine/Content/EngineMaterials/WeightMapPlaceholderTexture.uasset" 255
"../../../Engine/Content/Functions/Engine_MaterialFunctions01/ImageAdjustment/sRGBToLinear.uasset" 256
"../../../Engine/Content/Functions/Engine_MaterialFunctions02/Utility/BreakOutFloat3Components.uasset" 257
"../../../Engine/Content/EngineMaterials/Widget3DCameraPassThrough_Opaque_OneSided.uasset" 258
"../../../Engine/Content/EngineMaterials/Widget3DPassThrough.uasset" 259
"../../../Engine/Content/EngineMaterials/Widget3DPassThrough_Masked.uasset" 260
"../../../Engine/Content/EngineMaterials/Widget3DPassThrough_Opaque.uasset" 261
"../../../Engine/Content/EngineMaterials/Widget3DPassThrough_Masked_OneSided.uasset" 262
"../../../Engine/Content/EngineMaterials/Widget3DPassThrough_Opaque_OneSided.uasset" 263
"../../../Engine/Content/EngineMaterials/Widget3DPassThrough_Translucent.uasset" 264
"../../../Engine/Content/EngineMaterials/Widget3DPassThrough_Translucent_OneSided.uasset" 265
"../../../Engine/Content/EngineMeshes/Cylinder.uasset" 266
"../../../Engine/Content/EngineMeshes/Sphere.uasset" 267
"../../../Engine/Content/EngineResources/Black.uasset" 268
"../../../Engine/Content/EngineResources/DefaultTextureCube.uasset" 269
"../../../Engine/Content/EngineResources/DefaultVolumeTexture2D.uasset" 270
"../../../Engine/Content/EngineResources/DefaultVolumeTexture.uasset" 271
"../../../Engine/Content/EngineResources/GradientTexture0.uasset" 272
"../../../Engine/Content/EngineResources/StreamingPauseIcon.uasset" 273
"../../../Engine/Content/EngineResources/M_StreamingPause.uasset" 274
"../../../Engine/Content/EngineSky/VolumetricClouds/T_NoiseShape64.uasset" 275
"../../../Engine/Content/EngineSky/VolumetricClouds/T_VolumeNoiseShape64.uasset" 276
"../../../Engine/Content/EngineSky/VolumetricClouds/T_NoiseErosion.uasset" 277
"../../../Engine/Content/EngineSky/VolumetricClouds/T_VolumeNoiseErosion32.uasset" 278
"../../../Engine/Content/EngineSky/VolumetricClouds/CloudWeatherTexture.uasset" 279
"../../../Engine/Content/EngineSky/VolumetricClouds/CloudGradientTexture.uasset" 280
"../../../Engine/Content/EngineSky/VolumetricClouds/m_SimpleVolumetricCloud.uasset" 281
"../../../Engine/Content/EngineSky/VolumetricClouds/m_SimpleVolumetricCloud_Inst.uasset" 282
"../../../Engine/Content/Functions/Engine_MaterialFunctions01/Shading/PowerToRoughness.uasset" 283
"../../../Engine/Content/Maps/Templates/Thumbnails/Default.uasset" 284
"../../../Engine/Content/Maps/Templates/Thumbnails/VR-Basic.uasset" 285
"../../../Engine/Content/MapTemplates/Sky/DaylightAmbientCubemap.uasset" 286
"../../../Engine/Content/MobileResources/T_MobileControls_texture.uasset" 287
"../../../Engine/Content/MobileResources/T_MobileMenu2.uasset" 288
"../../../Engine/Content/MobileResources/HUD/AnalogHat.uasset" 289
"../../../Engine/Content/MobileResources/HUD/VirtualJoystick_Thumb.uasset" 290
"../../../Engine/Content/MobileResources/HUD/jumpbtn.uasset" 291
"../../../Engine/Content/MobileResources/HUD/DefaultVirtualJoysticks.uasset" 292
"F:/UE4 Projecto/Unreal Projects/ACVVG/Content/Arte/Textures/Menu/stick2.uasset" 293
"F:/UE4 Projecto/Unreal Projects/ACVVG/Content/Arte/Textures/Menu/stick1.uasset" 294
"F:/UE4 Projecto/Unreal Projects/ACVVG/Content/Arte/Textures/Menu/jumpbtn.uasset" 295
"../../../Engine/Content/MobileResources/HUD/LeftVirtualJoystickOnly.uasset" 296
"../../../Engine/Content/MobileResources/HUD/MobileHUDButton1_off.uasset" 297
"../../../Engine/Content/MobileResources/HUD/MobileHUDButton1_on.uasset" 298
"../../../Engine/Content/MobileResources/HUD/MobileHUDButton2_off.uasset" 299
"../../../Engine/Content/MobileResources/HUD/MobileHUDButton2_on.uasset" 300
"../../../Engine/Content/MobileResources/HUD/MobileHUDButton3.uasset" 301
"../../../Engine/Content/MobileResources/HUD/MobileHUDButtonFire.uasset" 302
"../../../Engine/Content/MobileResources/HUD/MobileHUDDirectionPad.uasset" 303
"../../../Engine/Content/MobileResources/HUD/MobileHUDDirectionPad2.uasset" 304
"../../../Engine/Content/MobileResources/HUD/MobileHUDDirectionPad3.uasset" 305
"../../../Engine/Content/MobileResources/HUD/MobileHUDDirectionStick.uasset" 306
"../../../Engine/Content/MobileResources/HUD/T_Castle_ThumbstickInner.uasset" 307
"../../../Engine/Content/MobileResources/HUD/T_Castle_ThumbstickOutter.uasset" 308
"../../../Engine/Content/MobileResources/HUD/VirtualJoystick_Background.uasset" 309
"../../../Engine/Content/Tutorial/ContentIntroCurve.uasset" 310
"../../../Engine/Content/Tutorial/Basics/LevelEditorAttract.uasset" 311
"../../../Engine/Content/Tutorial/Basics/TutorialAssets/icon_tab_Levels_40x.uasset" 312
"../../../Engine/Content/Tutorial/Basics/LevelEditorOverview.uasset" 313
"../../../Engine/Content/Tutorial/BlueprintTutorials/TutorialAssets/Blueprint_64x.uasset" 314
"../../../Engine/Content/Tutorial/BlueprintTutorials/BlueprintEditorTutorial.uasset" 315
"../../../Engine/Content/Tutorial/Installation/InstallingVisualStudioTutorial.uasset" 316
"../../../Engine/Content/VREditor/Sounds/VR_click1.uasset" 317
"../../../Engine/Content/VREditor/Sounds/VR_click2.uasset" 318
"../../../Engine/Content/VREditor/TransformGizmo/TranslucentTransformGizmoMaterial.uasset" 319
"../../../Engine/Content/VREditor/LaserPointer/VR_LaserPower_01.uasset" 320
"../../../Engine/Content/VREditor/TransformGizmo/TransformGizmoMaterial.uasset" 321
"../../../Engine/Content/VREditor/TransformGizmo/BoundingBoxCorner.uasset" 322
"../../../Engine/Content/VREditor/TransformGizmo/BoundingBoxEdge.uasset" 323
"../../../Engine/Content/VREditor/TransformGizmo/PlaneTranslationHandle.uasset" 324
"../../../Engine/Content/VREditor/TransformGizmo/Xray.uasset" 325
"../../../Engine/Content/VREditor/TransformGizmo/Main.uasset" 326
"../../../Engine/Content/VREditor/TransformGizmo/SM_Sequencer_Key.uasset" 327
"../../../Engine/Content/VREditor/TransformGizmo/SM_Sequencer_Node.uasset" 328
"../../Plugins/2D/Paper2D/Content/PlaceholderTextures/DummySpriteTexture.uasset" 329
"../../Plugins/2D/Paper2D/Content/DummySprite.uasset" 330
"../../Plugins/2D/Paper2D/Content/DefaultPaperTerrainMaterial.uasset" 331
"../../Plugins/2D/Paper2D/Content/DefaultSpriteMaterial.uasset" 332
"../../Plugins/2D/Paper2D/Content/MaskedUnlitSpriteMaterial.uasset" 333
"../../Plugins/2D/Paper2D/Content/OpaqueUnlitSpriteMaterial.uasset" 334
"../../Plugins/Editor/SpeedTreeImporter/Content/SpeedTree9/UnpackInteger3.uasset" 335
"../../Plugins/Editor/SpeedTreeImporter/Content/SpeedTree9/UnpackDirection.uasset" 336
"../../Plugins/Editor/SpeedTreeImporter/Content/SpeedTree9/game_wind_noise.uasset" 337
"../../../Engine/Content/Functions/Engine_MaterialFunctions02/SafeNormalize.uasset" 338
"../../Plugins/Editor/SpeedTreeImporter/Content/SpeedTree9/SpeedTreeWindMotion.uasset" 339
"../../Plugins/Editor/SpeedTreeImporter/Content/SpeedTree9/SpeedTreeBranchMotion.uasset" 340
"../../../Engine/Content/Functions/Engine_MaterialFunctions02/ObjectLocalBounds.uasset" 341
"../../../Engine/Content/Functions/Engine_MaterialFunctions02/UVs/BoundingBoxBased_0-1_UVW.uasset" 342
"../../Plugins/Editor/SpeedTreeImporter/Content/SpeedTree9/SpeedTreeWind.uasset" 343
"../../Plugins/Editor/SpeedTreeImporter/Content/SpeedTree9/SpeedTreeBillboard.uasset" 344
"../../../Engine/Content/EngineResources/DefaultTexture.uasset" 345
"../../Plugins/Editor/SpeedTreeImporter/Content/SpeedTree9/SpeedTreeBillboardMaster.uasset" 346
"../../Plugins/Editor/SpeedTreeImporter/Content/SpeedTree9/SpeedTreeCameraFacing.uasset" 347
"../../Plugins/Editor/SpeedTreeImporter/Content/SpeedTree9/SpeedTreeMaster.uasset" 348
"../../Plugins/FX/Niagara/Content/Enums/ENiagaraCoordinateSpace.uasset" 349
"../../Plugins/FX/Niagara/Content/Enums/ENiagaraOrientationAxis.uasset" 350
"../../Plugins/FX/Niagara/Content/Enums/ENiagaraRandomnessMode.uasset" 351
"../../Plugins/FX/Niagara/Content/Icons/S_ParticleSystem.uasset" 352
"../../../Engine/Content/ArtTools/RenderToTexture/Materials/Debug/M_Emissive_Color.uasset" 353
"../../../Engine/Content/BasicShapes/Cylinder.uasset" 354
"../../Plugins/Lumin/MagicLeapPassableWorld/Content/MagicLeapARPinInfoActor.uasset" 355
"../../../Engine/Content/Functions/Engine_MaterialFunctions02/Utility/BreakOutFloat4Components.uasset" 356
"../../Plugins/Runtime/Oculus/OculusVR/Content/Materials/OculusMR_ChromaKey.uasset" 357
"../../Plugins/Runtime/Oculus/OculusVR/Content/Materials/OculusMR_OpaqueColoredMaterial.uasset" 358
"../../Plugins/Runtime/Oculus/OculusVR/Content/Materials/PokeAHoleMaterial.uasset" 359
"../../../Engine/Content/Maps/Entry_BuiltData.uasset" 360
"../../../Engine/Content/Maps/Entry.umap" 361
"F:/UE4 Projecto/Unreal Projects/ACVVG/Content/Maps/MainMenu_BuiltData.uasset" 362
"F:/UE4 Projecto/Unreal Projects/ACVVG/Content/Sounds/Musica/Cancion01.uasset" 363
"F:/UE4 Projecto/Unreal Projects/ACVVG/Content/Sounds/Coin.uasset" 364
"../../../Engine/Content/EditorBlueprintResources/StandardMacros.uasset" 365
"F:/UE4 Projecto/Unreal Projects/ACVVG/Content/Blueprints/PickUp/bpPickUp_Base.uasset" 366
"F:/UE4 Projecto/Unreal Projects/ACVVG/Content/Arte/Textures/FX/FB_folders/lifeorb/life_orb.uasset" 367
"F:/UE4 Projecto/Unreal Projects/ACVVG/Content/Arte/Textures/FX/FB_folders/lifeorb/life_orb___9.uasset" 368
"F:/UE4 Projecto/Unreal Projects/ACVVG/Content/Arte/Textures/FX/FB_folders/lifeorb/life_orb___8.uasset" 369
"F:/UE4 Projecto/Unreal Projects/ACVVG/Content/Arte/Textures/FX/FB_folders/lifeorb/life_orb___7.uasset" 370
"F:/UE4 Projecto/Unreal Projects/ACVVG/Content/Arte/Textures/FX/FB_folders/lifeorb/life_orb___6.uasset" 371
"F:/UE4 Projecto/Unreal Projects/ACVVG/Content/Arte/Textures/FX/FB_folders/lifeorb/life_orb___5.uasset" 372
"F:/UE4 Projecto/Unreal Projects/ACVVG/Content/Arte/Textures/FX/FB_folders/lifeorb/life_orb___4.uasset" 373
"F:/UE4 Projecto/Unreal Projects/ACVVG/Content/Arte/Textures/FX/FB_folders/lifeorb/life_orb___35.uasset" 374
"F:/UE4 Projecto/Unreal Projects/ACVVG/Content/Arte/Textures/FX/FB_folders/lifeorb/life_orb___34.uasset" 375
"F:/UE4 Projecto/Unreal Projects/ACVVG/Content/Arte/Textures/FX/FB_folders/lifeorb/life_orb___33.uasset" 376
"F:/UE4 Projecto/Unreal Projects/ACVVG/Content/Arte/Textures/FX/FB_folders/lifeorb/life_orb___32.uasset" 377
"F:/UE4 Projecto/Unreal Projects/ACVVG/Content/Arte/Textures/FX/FB_folders/lifeorb/life_orb___31.uasset" 378
"F:/UE4 Projecto/Unreal Projects/ACVVG/Content/Arte/Textures/FX/FB_folders/lifeorb/life_orb___30.uasset" 379
"F:/UE4 Projecto/Unreal Projects/ACVVG/Content/Arte/Textures/FX/FB_folders/lifeorb/life_orb___3.uasset" 380
"F:/UE4 Projecto/Unreal Projects/ACVVG/Content/Arte/Textures/FX/FB_folders/lifeorb/life_orb___28.uasset" 381
"F:/UE4 Projecto/Unreal Projects/ACVVG/Content/Arte/Textures/FX/FB_folders/lifeorb/life_orb___27.uasset" 382
"F:/UE4 Projecto/Unreal Projects/ACVVG/Content/Arte/Textures/FX/FB_folders/lifeorb/life_orb___26.uasset" 383
"F:/UE4 Projecto/Unreal Projects/ACVVG/Content/Arte/Textures/FX/FB_folders/lifeorb/life_orb___25.uasset" 384
"F:/UE4 Projecto/Unreal Projects/ACVVG/Content/Arte/Textures/FX/FB_folders/lifeorb/life_orb___24.uasset" 385
"F:/UE4 Projecto/Unreal Projects/ACVVG/Content/Arte/Textures/FX/FB_folders/lifeorb/life_orb___23.uasset" 386
"F:/UE4 Projecto/Unreal Projects/ACVVG/Content/Arte/Textures/FX/FB_folders/lifeorb/life_orb___22.uasset" 387
"F:/UE4 Projecto/Unreal Projects/ACVVG/Content/Arte/Textures/FX/FB_folders/lifeorb/life_orb___21.uasset" 388
"F:/UE4 Projecto/Unreal Projects/ACVVG/Content/Arte/Textures/FX/FB_folders/lifeorb/life_orb___20.uasset" 389
"F:/UE4 Projecto/Unreal Projects/ACVVG/Content/Arte/Textures/FX/FB_folders/lifeorb/life_orb___2.uasset" 390
"F:/UE4 Projecto/Unreal Projects/ACVVG/Content/Arte/Textures/FX/FB_folders/lifeorb/life_orb___19.uasset" 391
"F:/UE4 Projecto/Unreal Projects/ACVVG/Content/Arte/Textures/FX/FB_folders/lifeorb/life_orb___18.uasset" 392
"F:/UE4 Projecto/Unreal Projects/ACVVG/Content/Arte/Textures/FX/FB_folders/lifeorb/life_orb___17.uasset" 393
"F:/UE4 Projecto/Unreal Projects/ACVVG/Content/Arte/Textures/FX/FB_folders/lifeorb/life_orb___16.uasset" 394
"F:/UE4 Projecto/Unreal Projects/ACVVG/Content/Arte/Textures/FX/FB_folders/lifeorb/life_orb___15.uasset" 395
"F:/UE4 Projecto/Unreal Projects/ACVVG/Content/Arte/Textures/FX/FB_folders/lifeorb/life_orb___14.uasset" 396
"F:/UE4 Projecto/Unreal Projects/ACVVG/Content/Arte/Textures/FX/FB_folders/lifeorb/life_orb___13.uasset" 397
"F:/UE4 Projecto/Unreal Projects/ACVVG/Content/Arte/Textures/FX/FB_folders/lifeorb/life_orb___12.uasset" 398
"F:/UE4 Projecto/Unreal Projects/ACVVG/Content/Arte/Textures/FX/FB_folders/lifeorb/life_orb___29.uasset" 399
"F:/UE4 Projecto/Unreal Projects/ACVVG/Content/Arte/Textures/FX/FB_folders/lifeorb/life_orb___11.uasset" 400
"F:/UE4 Projecto/Unreal Projects/ACVVG/Content/Arte/Textures/FX/FB_folders/lifeorb/life_orb___10.uasset" 401
"F:/UE4 Projecto/Unreal Projects/ACVVG/Content/Arte/Textures/FX/FB_folders/lifeorb/life_orb___1.uasset" 402
"F:/UE4 Projecto/Unreal Projects/ACVVG/Content/Arte/Textures/FX/FB_folders/lifeorb/life_orb___0.uasset" 403
"F:/UE4 Projecto/Unreal Projects/ACVVG/Content/Arte/Sprites/Efectos/FX_lifeorb.uasset" 404
"F:/UE4 Projecto/Unreal Projects/ACVVG/Content/Blueprints/PickUp/BP_PickUp_Heart.uasset" 405
"F:/UE4 Projecto/Unreal Projects/ACVVG/Content/Arte/Textures/FX/Coin1.uasset" 406
"../../Plugins/2D/Paper2D/Content/TranslucentUnlitSpriteMaterial.uasset" 407
"F:/UE4 Projecto/Unreal Projects/ACVVG/Content/Arte/Textures/FX/Coin1___3.uasset" 408
"F:/UE4 Projecto/Unreal Projects/ACVVG/Content/Arte/Textures/FX/Coin1___2.uasset" 409
"F:/UE4 Projecto/Unreal Projects/ACVVG/Content/Arte/Textures/FX/Coin1___1.uasset" 410
"F:/UE4 Projecto/Unreal Projects/ACVVG/Content/Arte/Textures/FX/Coin1___0.uasset" 411
"F:/UE4 Projecto/Unreal Projects/ACVVG/Content/Arte/Textures/FX/Coin2.uasset" 412
"F:/UE4 Projecto/Unreal Projects/ACVVG/Content/Blueprints/PickUp/BP_PickUp_Coin.uasset" 413
"F:/UE4 Projecto/Unreal Projects/ACVVG/Content/Blueprints/GameControllerBP.uasset" 414
"F:/UE4 Projecto/Unreal Projects/ACVVG/Content/Arte/Textures/Menu/FondoMenu.uasset" 415
"F:/UE4 Projecto/Unreal Projects/ACVVG/Content/Arte/Textures/Characters/MeebOAnim.uasset" 416
"F:/UE4 Projecto/Unreal Projects/ACVVG/Content/Arte/Textures/Characters/MeebOAnim___6.uasset" 417
"F:/UE4 Projecto/Unreal Projects/ACVVG/Content/Arte/Textures/Characters/MeebOAnim___12.uasset" 418
"F:/UE4 Projecto/Unreal Projects/ACVVG/Content/Arte/Textures/Characters/MeebOAnim___0.uasset" 419
"F:/UE4 Projecto/Unreal Projects/ACVVG/Content/Blueprints/BPMenu_niveles.uasset" 420
"../../../Engine/Content/EngineSounds/Master.uasset" 421
"F:/UE4 Projecto/Unreal Projects/ACVVG/Content/Sounds/SoundMixSonido.uasset" 422
"F:/UE4 Projecto/Unreal Projects/ACVVG/Content/Arte/Textures/Menu/audioon.uasset" 423
"F:/UE4 Projecto/Unreal Projects/ACVVG/Content/Blueprints/BPMenu_Ajustes.uasset" 424
"../../../Engine/Content/VREditor/Sounds/VR_click2_Cue.uasset" 425
"../../../Engine/Content/VREditor/Sounds/VR_click1_Cue.uasset" 426
"F:/UE4 Projecto/Unreal Projects/ACVVG/Content/Blueprints/BPMenu1.uasset" 427
"F:/UE4 Projecto/Unreal Projects/ACVVG/Content/Arte/Textures/FX/estrella.uasset" 428
"F:/UE4 Projecto/Unreal Projects/ACVVG/Content/Arte/Textures/FX/estrella_Sprite.uasset" 429
"F:/UE4 Projecto/Unreal Projects/ACVVG/Content/Arte/Textures/Stylish-Regular.uasset" 430
"F:/UE4 Projecto/Unreal Projects/ACVVG/Content/Arte/Textures/Stylish-Regular_Font.uasset" 431
"F:/UE4 Projecto/Unreal Projects/ACVVG/Content/Arte/Textures/Mirza-Medium.uasset" 432
"F:/UE4 Projecto/Unreal Projects/ACVVG/Content/Arte/Textures/Mirza-Medium_Font.uasset" 433
"F:/UE4 Projecto/Unreal Projects/ACVVG/Content/Blueprints/Player/Components/bpHUD.uasset" 434
"F:/UE4 Projecto/Unreal Projects/ACVVG/Content/Sounds/Player/Foot.uasset" 435
"../../../Engine/Content/EngineSounds/Normal_Attack.uasset" 436
"../../../Engine/Content/EngineSounds/Duck_Normal_Attack_MixMod.uasset" 437
"../../../Engine/Content/EngineSounds/Special_Attack_PSM.uasset" 438
"../../../Engine/Content/EngineSounds/SFX.uasset" 439
"F:/UE4 Projecto/Unreal Projects/ACVVG/Content/Sounds/Player/StepsSnd.uasset" 440
"F:/UE4 Projecto/Unreal Projects/ACVVG/Content/Sounds/Player/Airjump.uasset" 441
"F:/UE4 Projecto/Unreal Projects/ACVVG/Content/Sounds/Player/Airjump_Cue.uasset" 442
"F:/UE4 Projecto/Unreal Projects/ACVVG/Content/Data/AnimationState.uasset" 443
"F:/UE4 Projecto/Unreal Projects/ACVVG/Content/Arte/Textures/FX/jump/meebojumpsmoke.uasset" 444
"F:/UE4 Projecto/Unreal Projects/ACVVG/Content/Arte/Textures/FX/jump/meebojumpsmoke___8.uasset" 445
"F:/UE4 Projecto/Unreal Projects/ACVVG/Content/Arte/Textures/FX/jump/meebojumpsmoke___7.uasset" 446
"F:/UE4 Projecto/Unreal Projects/ACVVG/Content/Arte/Textures/FX/jump/meebojumpsmoke___6.uasset" 447
"F:/UE4 Projecto/Unreal Projects/ACVVG/Content/Arte/Textures/FX/jump/meebojumpsmoke___5.uasset" 448
"F:/UE4 Projecto/Unreal Projects/ACVVG/Content/Arte/Textures/FX/jump/meebojumpsmoke___27.uasset" 449
"F:/UE4 Projecto/Unreal Projects/ACVVG/Content/Arte/Textures/FX/jump/meebojumpsmoke___26.uasset" 450
"F:/UE4 Projecto/Unreal Projects/ACVVG/Content/Arte/Textures/FX/jump/meebojumpsmoke___25.uasset" 451
"F:/UE4 Projecto/Unreal Projects/ACVVG/Content/Arte/Textures/FX/jump/meebojumpsmoke___24.uasset" 452
"F:/UE4 Projecto/Unreal Projects/ACVVG/Content/Arte/Textures/FX/jump/meebojumpsmoke___23.uasset" 453
"F:/UE4 Projecto/Unreal Projects/ACVVG/Content/Arte/Textures/FX/jump/meebojumpsmoke___22.uasset" 454
"F:/UE4 Projecto/Unreal Projects/ACVVG/Content/Arte/Textures/FX/jump/meebojumpsmoke___21.uasset" 455
"F:/UE4 Projecto/Unreal Projects/ACVVG/Content/Arte/Textures/FX/jump/meebojumpsmoke___20.uasset" 456
"F:/UE4 Projecto/Unreal Projects/ACVVG/Content/Arte/Textures/FX/jump/meebojumpsmoke___19.uasset" 457
"F:/UE4 Projecto/Unreal Projects/ACVVG/Content/Arte/Textures/FX/jump/meebojumpsmoke___18.uasset" 458
"F:/UE4 Projecto/Unreal Projects/ACVVG/Content/Arte/Textures/FX/jump/meebojumpsmoke___17.uasset" 459
"F:/UE4 Projecto/Unreal Projects/ACVVG/Content/Arte/Textures/FX/jump/meebojumpsmoke___16.uasset" 460
"F:/UE4 Projecto/Unreal Projects/ACVVG/Content/Arte/Textures/FX/jump/meebojumpsmoke___15.uasset" 461
"F:/UE4 Projecto/Unreal Projects/ACVVG/Content/Arte/Textures/FX/jump/meebojumpsmoke___14.uasset" 462
"F:/UE4 Projecto/Unreal Projects/ACVVG/Content/Arte/Textures/FX/jump/meebojumpsmoke___9.uasset" 463
"F:/UE4 Projecto/Unreal Projects/ACVVG/Content/Arte/Textures/FX/jump/meebojumpsmoke___13.uasset" 464
"F:/UE4 Projecto/Unreal Projects/ACVVG/Content/Arte/Textures/FX/jump/meebojumpsmoke___12.uasset" 465
"F:/UE4 Projecto/Unreal Projects/ACVVG/Content/Arte/Textures/FX/jump/meebojumpsmoke___11.uasset" 466
"F:/UE4 Projecto/Unreal Projects/ACVVG/Content/Arte/Textures/FX/jump/meebojumpsmoke___10.uasset" 467
"F:/UE4 Projecto/Unreal Projects/ACVVG/Content/Arte/Textures/FX/jump/meebojumpsmoke1.uasset" 468
"F:/UE4 Projecto/Unreal Projects/ACVVG/Content/Blueprints/Actors_FX/bp_DustWall.uasset" 469
"F:/UE4 Projecto/Unreal Projects/ACVVG/Content/Arte/Textures/FX/airjump/meebosmokedjump.uasset" 470
"F:/UE4 Projecto/Unreal Projects/ACVVG/Content/Arte/Textures/FX/airjump/meebosmokedjump___8.uasset" 471
"F:/UE4 Projecto/Unreal Projects/ACVVG/Content/Arte/Textures/FX/airjump/meebosmokedjump___7.uasset" 472
"F:/UE4 Projecto/Unreal Projects/ACVVG/Content/Arte/Textures/FX/airjump/meebosmokedjump___6.uasset" 473
"F:/UE4 Projecto/Unreal Projects/ACVVG/Content/Arte/Textures/FX/airjump/meebosmokedjump___5.uasset" 474
"F:/UE4 Projecto/Unreal Projects/ACVVG/Content/Arte/Textures/FX/airjump/meebosmokedjump___27.uasset" 475
"F:/UE4 Projecto/Unreal Projects/ACVVG/Content/Arte/Textures/FX/airjump/meebosmokedjump___26.uasset" 476
"F:/UE4 Projecto/Unreal Projects/ACVVG/Content/Arte/Textures/FX/airjump/meebosmokedjump___25.uasset" 477
"F:/UE4 Projecto/Unreal Projects/ACVVG/Content/Arte/Textures/FX/airjump/meebosmokedjump___24.uasset" 478
"F:/UE4 Projecto/Unreal Projects/ACVVG/Content/Arte/Textures/FX/airjump/meebosmokedjump___23.uasset" 479
"F:/UE4 Projecto/Unreal Projects/ACVVG/Content/Arte/Textures/FX/airjump/meebosmokedjump___22.uasset" 480
"F:/UE4 Projecto/Unreal Projects/ACVVG/Content/Arte/Textures/FX/airjump/meebosmokedjump___21.uasset" 481
"F:/UE4 Projecto/Unreal Projects/ACVVG/Content/Arte/Textures/FX/airjump/meebosmokedjump___20.uasset" 482
"F:/UE4 Projecto/Unreal Projects/ACVVG/Content/Arte/Textures/FX/airjump/meebosmokedjump___19.uasset" 483
"F:/UE4 Projecto/Unreal Projects/ACVVG/Content/Arte/Textures/FX/airjump/meebosmokedjump___18.uasset" 484
"F:/UE4 Projecto/Unreal Projects/ACVVG/Content/Arte/Textures/FX/airjump/meebosmokedjump___17.uasset" 485
"F:/UE4 Projecto/Unreal Projects/ACVVG/Content/Arte/Textures/FX/airjump/meebosmokedjump___16.uasset" 486
"F:/UE4 Projecto/Unreal Projects/ACVVG/Content/Arte/Textures/FX/airjump/meebosmokedjump___15.uasset" 487
"F:/UE4 Projecto/Unreal Projects/ACVVG/Content/Arte/Textures/FX/airjump/meebosmokedjump___14.uasset" 488
"F:/UE4 Projecto/Unreal Projects/ACVVG/Content/Arte/Textures/FX/airjump/meebosmokedjump___9.uasset" 489
"F:/UE4 Projecto/Unreal Projects/ACVVG/Content/Arte/Textures/FX/airjump/meebosmokedjump___13.uasset" 490
"F:/UE4 Projecto/Unreal Projects/ACVVG/Content/Arte/Textures/FX/airjump/meebosmokedjump___12.uasset" 491
"F:/UE4 Projecto/Unreal Projects/ACVVG/Content/Arte/Textures/FX/airjump/meebosmokedjump___11.uasset" 492
"F:/UE4 Projecto/Unreal Projects/ACVVG/Content/Arte/Textures/FX/airjump/meebosmokedjump___10.uasset" 493
"F:/UE4 Projecto/Unreal Projects/ACVVG/Content/Arte/Textures/FX/airjump/meebosmokedjump1.uasset" 494
"F:/UE4 Projecto/Unreal Projects/ACVVG/Content/Blueprints/Actors_FX/bp_DustAir.uasset" 495
"F:/UE4 Projecto/Unreal Projects/ACVVG/Content/Blueprints/Actors_FX/bp_Dust.uasset" 496
"F:/UE4 Projecto/Unreal Projects/ACVVG/Content/Arte/Textures/Characters/MeebOAnim___17.uasset" 497
"F:/UE4 Projecto/Unreal Projects/ACVVG/Content/Arte/Textures/Characters/MeebOAnim___16.uasset" 498
"F:/UE4 Projecto/Unreal Projects/ACVVG/Content/Arte/Textures/Characters/MeebOAnim___15.uasset" 499
"F:/UE4 Projecto/Unreal Projects/ACVVG/Content/Arte/Textures/Characters/MeebOAnim___14.uasset" 500
"F:/UE4 Projecto/Unreal Projects/ACVVG/Content/Arte/Textures/Characters/MeebOAnim___13.uasset" 501
"F:/UE4 Projecto/Unreal Projects/ACVVG/Content/Arte/Textures/Characters/MeebO_Walk.uasset" 502
"F:/UE4 Projecto/Unreal Projects/ACVVG/Content/Arte/Textures/Characters/MeebOAnim___9.uasset" 503
"F:/UE4 Projecto/Unreal Projects/ACVVG/Content/Arte/Textures/Characters/MeebOAnim___8.uasset" 504
"F:/UE4 Projecto/Unreal Projects/ACVVG/Content/Arte/Textures/Characters/MeebOAnim___7.uasset" 505
"F:/UE4 Projecto/Unreal Projects/ACVVG/Content/Arte/Textures/Characters/MeebO_Jump.uasset" 506
"F:/UE4 Projecto/Unreal Projects/ACVVG/Content/Arte/Textures/Characters/MeebOAnim___3.uasset" 507
"F:/UE4 Projecto/Unreal Projects/ACVVG/Content/Arte/Textures/Characters/MeebOAnim___2.uasset" 508
"F:/UE4 Projecto/Unreal Projects/ACVVG/Content/Arte/Textures/Characters/MeebOAnim___1.uasset" 509
"F:/UE4 Projecto/Unreal Projects/ACVVG/Content/Arte/Textures/Characters/MeebO_Idle.uasset" 510
"../../../Engine/Content/VREditor/Sounds/UI/Object_Snaps_To_Another_Actor.uasset" 511
"F:/UE4 Projecto/Unreal Projects/ACVVG/Content/Blueprints/Player/bpPlayer.uasset" 512
"F:/UE4 Projecto/Unreal Projects/ACVVG/Content/Maps/MainMenu.umap" 513
"F:/UE4 Projecto/Unreal Projects/ACVVG/Content/Arte/Textures/Enviroment/v2/piedrapaja.uasset" 514
"F:/UE4 Projecto/Unreal Projects/ACVVG/Content/Arte/Textures/Enviroment/v2/piedrapaja_TileSet.uasset" 515
"F:/UE4 Projecto/Unreal Projects/ACVVG/Content/Arte/Textures/Enviroment/v2/camioncin.uasset" 516
"F:/UE4 Projecto/Unreal Projects/ACVVG/Content/Arte/Textures/Enviroment/v2/camioncin_TileSet.uasset" 517
"F:/UE4 Projecto/Unreal Projects/ACVVG/Content/Arte/Tilemaps/Addon3.uasset" 518
"F:/UE4 Projecto/Unreal Projects/ACVVG/Content/Arte/Tilemaps/Addon2.uasset" 519
"F:/UE4 Projecto/Unreal Projects/ACVVG/Content/Arte/Textures/Enviroment/v2/tileset2.uasset" 520
"F:/UE4 Projecto/Unreal Projects/ACVVG/Content/Arte/Textures/Enviroment/v2/tileset2_TileSet.uasset" 521
"F:/UE4 Projecto/Unreal Projects/ACVVG/Content/Arte/Tilemaps/Addon1.uasset" 522
"F:/UE4 Projecto/Unreal Projects/ACVVG/Content/Maps/Level1_BuiltData.uasset" 523
"F:/UE4 Projecto/Unreal Projects/ACVVG/Content/Arte/Textures/Enviroment/v2/terreno.uasset" 524
"F:/UE4 Projecto/Unreal Projects/ACVVG/Content/Arte/Textures/Enviroment/v2/terreno_TileSet.uasset" 525
"F:/UE4 Projecto/Unreal Projects/ACVVG/Content/Arte/Tilemaps/TutLvl1.uasset" 526
"F:/UE4 Projecto/Unreal Projects/ACVVG/Content/Arte/Textures/Enviroment/v2/Mountains.uasset" 527
"F:/UE4 Projecto/Unreal Projects/ACVVG/Content/Arte/Textures/Enviroment/v2/Mountains_Sprite.uasset" 528
"F:/UE4 Projecto/Unreal Projects/ACVVG/Content/Arte/Textures/Enviroment/v2/Far-Mountains.uasset" 529
"F:/UE4 Projecto/Unreal Projects/ACVVG/Content/Arte/Textures/Enviroment/v2/Far-Mountains_Sprite.uasset" 530
"F:/UE4 Projecto/Unreal Projects/ACVVG/Content/Arte/Textures/Enviroment/v2/clouds.uasset" 531
"F:/UE4 Projecto/Unreal Projects/ACVVG/Content/Arte/Textures/Enviroment/v2/clouds_Sprite.uasset" 532
"F:/UE4 Projecto/Unreal Projects/ACVVG/Content/Arte/Textures/Enviroment/v2/BGwheat.uasset" 533
"F:/UE4 Projecto/Unreal Projects/ACVVG/Content/Arte/Textures/Enviroment/v2/BGwheat_Sprite.uasset" 534
"F:/UE4 Projecto/Unreal Projects/ACVVG/Content/Arte/Textures/Enviroment/Cielo.uasset" 535
"F:/UE4 Projecto/Unreal Projects/ACVVG/Content/Arte/Textures/Enviroment/Cielo_Sprite.uasset" 536
"F:/UE4 Projecto/Unreal Projects/ACVVG/Content/Blueprints/Player/Components/bpFollowCamera.uasset" 537
"F:/UE4 Projecto/Unreal Projects/ACVVG/Content/Blueprints/PickUp/BP_PickUp_CoinBAD.uasset" 538
"F:/UE4 Projecto/Unreal Projects/ACVVG/Content/Arte/Textures/Enviroment/escalera.uasset" 539
"F:/UE4 Projecto/Unreal Projects/ACVVG/Content/Arte/Textures/Enviroment/escalera_Sprite.uasset" 540
"F:/UE4 Projecto/Unreal Projects/ACVVG/Content/Blueprints/Funtional/bpLadder.uasset" 541
"F:/UE4 Projecto/Unreal Projects/ACVVG/Content/Arte/Tilemaps/Addon.uasset" 542
"F:/UE4 Projecto/Unreal Projects/ACVVG/Content/Arte/Textures/Enviroment/v2/pantalla.uasset" 543
"F:/UE4 Projecto/Unreal Projects/ACVVG/Content/Arte/Textures/Enviroment/v2/pantalla_Sprite.uasset" 544
"F:/UE4 Projecto/Unreal Projects/ACVVG/Content/Arte/Textures/Enviroment/v2/nubesset.uasset" 545
"F:/UE4 Projecto/Unreal Projects/ACVVG/Content/Arte/Textures/Enviroment/v2/nubesset_Sprite_5.uasset" 546
"F:/UE4 Projecto/Unreal Projects/ACVVG/Content/Arte/Textures/Enviroment/v2/nubesset_Sprite_4.uasset" 547
"F:/UE4 Projecto/Unreal Projects/ACVVG/Content/Arte/Textures/Enviroment/v2/nubesset_Sprite_3.uasset" 548
"F:/UE4 Projecto/Unreal Projects/ACVVG/Content/Arte/Textures/Enviroment/v2/nubesset_Sprite_2.uasset" 549
"F:/UE4 Projecto/Unreal Projects/ACVVG/Content/Arte/Textures/Enviroment/v2/nubesset_Sprite_1.uasset" 550
"F:/UE4 Projecto/Unreal Projects/ACVVG/Content/Arte/Textures/Enviroment/v2/nubesset_Sprite_0.uasset" 551
"F:/UE4 Projecto/Unreal Projects/ACVVG/Content/Arte/Textures/Enviroment/v2/granero.uasset" 552
"F:/UE4 Projecto/Unreal Projects/ACVVG/Content/Arte/Textures/Enviroment/v2/granero_Sprite.uasset" 553
"F:/UE4 Projecto/Unreal Projects/ACVVG/Content/Arte/Textures/Enviroment/v2/FGwheat.uasset" 554
"F:/UE4 Projecto/Unreal Projects/ACVVG/Content/Arte/Textures/Enviroment/v2/FGwheat_Sprite.uasset" 555
"F:/UE4 Projecto/Unreal Projects/ACVVG/Content/Arte/Textures/Enviroment/v2/escalerav2.uasset" 556
"F:/UE4 Projecto/Unreal Projects/ACVVG/Content/Arte/Textures/Enviroment/v2/escalerav2_Sprite.uasset" 557
"F:/UE4 Projecto/Unreal Projects/ACVVG/Content/Arte/Textures/Enviroment/v2/arbol2.uasset" 558
"F:/UE4 Projecto/Unreal Projects/ACVVG/Content/Arte/Textures/Enviroment/v2/arbol2_Sprite.uasset" 559
"F:/UE4 Projecto/Unreal Projects/ACVVG/Content/Arte/Textures/Enviroment/v2/arbol1.uasset" 560
"F:/UE4 Projecto/Unreal Projects/ACVVG/Content/Arte/Textures/Enviroment/v2/arbol1_Sprite.uasset" 561
"F:/UE4 Projecto/Unreal Projects/ACVVG/Content/Maps/Level1.umap" 562
