"../../../Engine/Content/ArtTools/RenderToTexture/Enums/RenderToTexture_Enum.uasset" 0
"../../../Engine/Content/ArtTools/RenderToTexture/Enums/RenderToTexture_Flipbook_Enum.uasset" 1
"../../../Engine/Content/ArtTools/RenderToTexture/Enums/RenderToTexture_Imposter_Enum.uasset" 2
"../../../Engine/Content/ArtTools/RenderToTexture/Enums/EIntTypes.uasset" 3
"../../../Engine/Content/EditorBlueprintResources/StandardMacros.uasset" 4
"../../../Engine/Content/ArtTools/RenderToTexture/Macros/RenderToTextureFunctionLibrary.uasset" 5
"../../../Engine/Content/ArtTools/RenderToTexture/Enums/EFloatTypes.uasset" 6
"../../../Engine/Content/ArtTools/RenderToTexture/Macros/RenderToTextureMacros.uasset" 7
"../../../Engine/Content/EngineMaterials/T_Default_Material_Grid_N.uasset" 8
"../../../Engine/Content/EngineMaterials/T_Default_Material_Grid_M.uasset" 9
"../../../Engine/Content/Functions/Engine_MaterialFunctions01/Opacity/CameraDepthFade.uasset" 10
"../../../Engine/Content/EngineMaterials/WorldGridMaterial.uasset" 11
"../../../Engine/Content/ArtTools/RenderToTexture/Meshes/S_1_Unit_Plane.uasset" 12
"../../../Engine/Content/EngineMaterials/DefaultMaterial.uasset" 13
"../../../Engine/Content/BasicShapes/Cone.uasset" 14
"../../../Engine/Content/BasicShapes/Cube.uasset" 15
"../../../Engine/Content/BasicShapes/Plane.uasset" 16
"../../../Engine/Content/BasicShapes/Sphere.uasset" 17
"../../../Engine/Content/EngineMaterials/DefaultPhysicalMaterial.uasset" 18
"../../../Engine/Content/BufferVisualization/AmbientOcclusion.uasset" 19
"../../../Engine/Content/Functions/Engine_MaterialFunctions02/Utility/AppendMany.uasset" 20
"../../../Engine/Content/BufferVisualization/Anisotropy.uasset" 21
"../../../Engine/Content/BufferVisualization/BaseColor.uasset" 22
"../../../Engine/Content/BufferVisualization/CustomDepth.uasset" 23
"../../../Engine/Content/Functions/Engine_MaterialFunctions02/Utility/VectorLength.uasset" 24
"../../../Engine/Content/BufferVisualization/CustomDepthWorldUnits.uasset" 25
"../../../Engine/Content/EngineMaterials/MiniFont.uasset" 26
"../../../Engine/Content/Functions/Engine_MaterialFunctions02/Utility/MakeFloat3.uasset" 27
"../../../Engine/Content/Functions/Engine_MaterialFunctions02/Utility/MakeFloat2.uasset" 28
"../../../Engine/Content/Functions/Engine_MaterialFunctions02/ScreenResolution.uasset" 29
"../../../Engine/Content/Functions/Engine_MaterialFunctions02/Utility/BreakOutFloat2Components.uasset" 30
"../../../Engine/Content/Functions/Engine_MaterialFunctions01/Texturing/ScaleUVsByCenter.uasset" 31
"../../../Engine/Content/Functions/Engine_MaterialFunctions02/Texturing/ScreenAlignedUVs.uasset" 32
"../../../Engine/Content/BufferVisualization/CustomStencil.uasset" 33
"../../../Engine/Content/BufferVisualization/FinalImage.uasset" 34
"../../../Engine/Content/BufferVisualization/LightingModel.uasset" 35
"../../../Engine/Content/BufferVisualization/MaterialAO.uasset" 36
"../../../Engine/Content/BufferVisualization/Metallic.uasset" 37
"../../../Engine/Content/BufferVisualization/Opacity.uasset" 38
"../../../Engine/Content/BufferVisualization/PostTonemapHDRColor.uasset" 39
"../../../Engine/Content/BufferVisualization/PreTonemapHDRColor.uasset" 40
"../../../Engine/Content/BufferVisualization/Roughness.uasset" 41
"../../../Engine/Content/BufferVisualization/SceneColor.uasset" 42
"../../../Engine/Content/BufferVisualization/SceneDepth.uasset" 43
"../../../Engine/Content/BufferVisualization/SceneDepthWorldUnits.uasset" 44
"../../../Engine/Content/BufferVisualization/SeparateTranslucencyA.uasset" 45
"../../../Engine/Content/BufferVisualization/SeparateTranslucencyRGB.uasset" 46
"../../../Engine/Content/BufferVisualization/Specular.uasset" 47
"../../../Engine/Content/BufferVisualization/SubsurfaceColor.uasset" 48
"../../../Engine/Content/BufferVisualization/Velocity.uasset" 49
"../../../Engine/Content/BufferVisualization/WorldNormal.uasset" 50
"../../../Engine/Content/BufferVisualization/WorldTangent.uasset" 51
"../../../Engine/Content/EditorBlueprintResources/ActorMacros.uasset" 52
"../../../Engine/Content/EditorLandscapeResources/DataLayer.uasset" 53
"../../../Engine/Content/EditorLandscapeResources/DefaultAlphaTexture.uasset" 54
"../../../Engine/Content/EditorLandscapeResources/LandscapeGizmoHeight_Mat.uasset" 55
"../../../Engine/Content/EditorLandscapeResources/LandscapeGizmo_Mat.uasset" 56
"../../../Engine/Content/EditorLandscapeResources/LandscapeGizmo_Mat_Copied.uasset" 57
"../../../Engine/Content/EditorLandscapeResources/SplineEditorMeshMat.uasset" 58
"../../../Engine/Content/EditorLandscapeResources/SplineEditorMesh.uasset" 59
"../../../Engine/Content/EditorMaterials/Cross.uasset" 60
"../../../Engine/Content/EditorMaterials/Cross_Mat.uasset" 61
"../../../Engine/Content/EditorResources/T_EditorHelp.uasset" 62
"../../../Engine/Content/Functions/Engine_MaterialFunctions02/Utility/Sign.uasset" 63
"../../../Engine/Content/Functions/Engine_MaterialFunctions02/Utility/Round.uasset" 64
"../../../Engine/Content/Functions/Engine_MaterialFunctions02/ExampleContent/Textures/DebugNumberPeriod.uasset" 65
"../../../Engine/Content/Functions/Engine_MaterialFunctions02/ExampleContent/DebugNumberStrip.uasset" 66
"../../../Engine/Content/EngineMaterials/DefaultDiffuse.uasset" 67
"../../../Engine/Content/Functions/Engine_MaterialFunctions01/Texturing/TextureCropping.uasset" 68
"../../../Engine/Content/Functions/Engine_MaterialFunctions01/Texturing/ComputeMipLevel.uasset" 69
"../../../Engine/Content/Functions/Engine_MaterialFunctions02/Utility/DebugScalarValues.uasset" 70
"../../../Engine/Content/Functions/Engine_MaterialFunctions02/Utility/DebugFloat2Values.uasset" 71
"../../../Engine/Content/Functions/Engine_MaterialFunctions02/ExampleContent/Textures/flipbook.uasset" 72
"../../../Engine/Content/Functions/Engine_MaterialFunctions02/Texturing/FlipBook.uasset" 73
"../../../Engine/Content/EditorMaterials/HelpActorMaterial.uasset" 74
"../../../Engine/Content/EditorMaterials/CompositeARGBLayer.uasset" 75
"../../../Engine/Content/Functions/Engine_MaterialFunctions03/Procedurals/ComputeFilterWidth.uasset" 76
"../../../Engine/Content/EngineMaterials/BlendFunc_DefBlend.uasset" 77
"../../../Engine/Content/EngineMaterials/BlendFunc_DefBase.uasset" 78
"../../../Engine/Content/Functions/Engine_MaterialFunctions03/Blends/Blend_Screen.uasset" 79
"../../../Engine/Content/EditorMaterials/TilingAALineIntegral.uasset" 80
"../../../Engine/Content/EditorMaterials/TilingAALineBoxFiltered.uasset" 81
"../../../Engine/Content/EditorMaterials/TilingAAGrid.uasset" 82
"../../../Engine/Content/EditorMaterials/TilingAADots.uasset" 83
"../../../Engine/Content/EditorMaterials/LevelGridMaterial.uasset" 84
"../../../Engine/Content/EditorMaterials/MAT_Groups_Toggle.uasset" 85
"../../../Engine/Content/EditorMaterials/MAT_Groups_Visibility.uasset" 86
"../../../Engine/Content/EditorMaterials/AntialiasedGridFloor.uasset" 87
"../../../Engine/Content/EngineMaterials/Grid.uasset" 88
"../../../Engine/Content/EditorResources/TilePatine_N.uasset" 89
"../../../Engine/Content/EditorResources/TilePatine_D.uasset" 90
"../../../Engine/Content/EditorMaterials/PersonaFloorMat.uasset" 91
"../../../Engine/Content/EditorMaterials/PhAT_BoneSelectedMaterial.uasset" 92
"../../../Engine/Content/EditorMaterials/PhAT_ElemSelectedMaterial.uasset" 93
"../../../Engine/Content/EditorMaterials/PhAT_NoCollisionMaterial.uasset" 94
"../../../Engine/Content/EditorMaterials/PhAT_UnselectedMaterial.uasset" 95
"../../../Engine/Content/EditorMaterials/PreviewShadowIndicator.uasset" 96
"../../../Engine/Content/EditorMaterials/PreviewShadowIndicatorMaterial.uasset" 97
"../../../Engine/Content/EditorMaterials/TargetIcon.uasset" 98
"../../../Engine/Content/EditorMaterials/Tick.uasset" 99
"../../../Engine/Content/EditorMaterials/Tick_Mat.uasset" 100
"../../../Engine/Content/EditorMaterials/WidgetGridVertexColorMaterial.uasset" 101
"../../../Engine/Content/EditorMaterials/WidgetGridVertexColorMaterial_Ma.uasset" 102
"../../../Engine/Content/EditorMaterials/WidgetMaterial.uasset" 103
"../../../Engine/Content/EditorMaterials/WidgetMaterial_Current.uasset" 104
"../../../Engine/Content/EditorMaterials/WidgetMaterial_X.uasset" 105
"../../../Engine/Content/EditorMaterials/WidgetMaterial_Y.uasset" 106
"../../../Engine/Content/EditorMaterials/WidgetMaterial_Z.uasset" 107
"../../../Engine/Content/EditorMaterials/WidgetVertexColorMaterial.uasset" 108
"../../../Engine/Content/EditorMaterials/MatineeGroups/MAT_ColorTrack.uasset" 109
"../../../Engine/Content/EditorMaterials/MatineeGroups/MAT_Groups_Anim.uasset" 110
"../../../Engine/Content/EditorMaterials/MatineeGroups/MAT_Groups_AudioMaster.uasset" 111
"../../../Engine/Content/EditorMaterials/MatineeGroups/MAT_Groups_Director.uasset" 112
"../../../Engine/Content/EditorMaterials/MatineeGroups/MAT_Groups_Event.uasset" 113
"../../../Engine/Content/EditorMaterials/MatineeGroups/MAT_Groups_Fade.uasset" 114
"../../../Engine/Content/EditorMaterials/MatineeGroups/MAT_Groups_Float.uasset" 115
"../../../Engine/Content/EditorMaterials/MatineeGroups/MAT_Groups_Move.uasset" 116
"../../../Engine/Content/EditorMaterials/MatineeGroups/MAT_Groups_Slomo.uasset" 117
"../../../Engine/Content/EditorMaterials/MatineeGroups/MAT_Groups_Sound.uasset" 118
"../../../Engine/Content/EditorMaterials/MatineeGroups/MAT_Groups_Vector.uasset" 119
"../../../Engine/Content/EditorMaterials/ParticleSystems/PSysThumbnail_NoImage.uasset" 120
"../../../Engine/Content/EditorMaterials/ParticleSystems/PSysThumbnail_OOD.uasset" 121
"../../../Engine/Content/EditorMaterials/Thumbnails/FloorPlaneMaterial.uasset" 122
"../../../Engine/Content/EditorMeshes/EditorCube.uasset" 123
"../../../Engine/Content/EditorMeshes/EditorCylinder.uasset" 124
"../../../Engine/Content/EditorMeshes/EditorPlane.uasset" 125
"../../../Engine/Content/EditorMaterials/Thumbnails/SkySphereMaterial.uasset" 126
"../../../Engine/Content/EditorMeshes/EditorSkySphere.uasset" 127
"../../../Engine/Content/EditorMeshes/EditorSphere.uasset" 128
"../../../Engine/Content/EditorResources/MatineeCam_D.uasset" 129
"../../../Engine/Content/EditorMaterials/MatineeCam_mat.uasset" 130
"../../../Engine/Content/EditorMeshes/MatineeCam_SM.uasset" 131
"../../../Engine/Content/Functions/Engine_MaterialFunctions01/Shading/ConvertFromDiffSpec.uasset" 132
"../../../Engine/Content/EditorMaterials/GridMaterial.uasset" 133
"../../../Engine/Content/EditorMeshes/PhAT_FloorBox.uasset" 134
"../../../Engine/Content/EditorMeshes/PlanarReflectionPlane.uasset" 135
"../../../Engine/Content/EngineDebugMaterials/M_SimpleOpaque.uasset" 136
"../../../Engine/Content/EditorMaterials/Camera/MI_CineMat_CamViewFinder.uasset" 137
"../../../Engine/Content/EditorMaterials/Camera/CineMat.uasset" 138
"../../../Engine/Content/EditorMaterials/Camera/MI_CineMat_CameraBody.uasset" 139
"../../../Engine/Content/EditorMeshes/Camera/SM_CineCam.uasset" 140
"../../../Engine/Content/EditorMaterials/Camera/MI_CineMat_Rig.uasset" 141
"../../../Engine/Content/EditorMeshes/Camera/SM_CraneRig_Arm.uasset" 142
"../../../Engine/Content/EditorMeshes/Camera/SM_CraneRig_Base.uasset" 143
"../../../Engine/Content/EditorMeshes/Camera/SM_CraneRig_Body.uasset" 144
"../../../Engine/Content/EditorMeshes/Camera/SM_CraneRig_Mount.uasset" 145
"../../../Engine/Content/EditorMeshes/Camera/SM_RailRig_Mount.uasset" 146
"../../../Engine/Content/EditorMeshes/Camera/SM_RailRig_Track.uasset" 147
"../../../Engine/Content/EditorMeshes/ColorCalibrator/M_ChromeBall.uasset" 148
"../../../Engine/Content/EditorResources/Bad.uasset" 149
"../../../Engine/Content/EditorResources/BSPVertex.uasset" 150
"../../../Engine/Content/EditorResources/MatInstActSprite.uasset" 151
"../../../Engine/Content/EditorResources/SceneManager.uasset" 152
"../../../Engine/Content/EditorResources/SmallFont.uasset" 153
"../../../Engine/Content/EditorResources/S_Actor.uasset" 154
"../../../Engine/Content/EditorResources/S_CameraShakeSource.uasset" 155
"../../../Engine/Content/EditorResources/S_DecalActorIcon.uasset" 156
"../../../Engine/Content/EditorResources/S_Emitter.uasset" 157
"../../../Engine/Content/EditorResources/S_ExpoHeightFog.uasset" 158
"../../../Engine/Content/EditorResources/S_FTest.uasset" 159
"../../../Engine/Content/EditorResources/S_KBSJoint.uasset" 160
"../../../Engine/Content/EditorResources/S_KHinge.uasset" 161
"../../../Engine/Content/EditorResources/S_KPrismatic.uasset" 162
"../../../Engine/Content/EditorResources/S_LevelSequence.uasset" 163
"../../../Engine/Content/EditorResources/S_NavP.uasset" 164
"../../../Engine/Content/EditorResources/S_Note.uasset" 165
"../../../Engine/Content/EditorResources/S_Player.uasset" 166
"../../../Engine/Content/EditorResources/S_PortalActorIcon2.uasset" 167
"../../../Engine/Content/EditorResources/S_RadForce.uasset" 168
"../../../Engine/Content/EditorResources/S_ReflActorIcon.uasset" 169
"../../../Engine/Content/EditorResources/S_SkyAtmosphere.uasset" 170
"../../../Engine/Content/EditorResources/S_Solver.uasset" 171
"../../../Engine/Content/EditorResources/S_Terrain.uasset" 172
"../../../Engine/Content/EditorResources/S_TextRenderActorIcon.uasset" 173
"../../../Engine/Content/EditorResources/S_Thruster.uasset" 174
"../../../Engine/Content/EditorResources/S_Trigger.uasset" 175
"../../../Engine/Content/EditorResources/S_VectorFieldVol.uasset" 176
"../../../Engine/Content/EditorResources/S_VolumetricCloud.uasset" 177
"../../../Engine/Content/EditorResources/S_WindDirectional.uasset" 178
"../../../Engine/Content/EditorResources/AI/S_NavLink.uasset" 179
"../../../Engine/Content/EditorResources/LightIcons/SkyLight.uasset" 180
"../../../Engine/Content/EditorResources/LightIcons/S_LightDirectional.uasset" 181
"../../../Engine/Content/EditorResources/LightIcons/S_LightDirectionalMove.uasset" 182
"../../../Engine/Content/EditorResources/LightIcons/S_LightError.uasset" 183
"../../../Engine/Content/EditorResources/LightIcons/S_LightPoint.uasset" 184
"../../../Engine/Content/EditorResources/LightIcons/S_LightPointMove.uasset" 185
"../../../Engine/Content/EditorResources/LightIcons/S_LightSpot.uasset" 186
"../../../Engine/Content/EditorResources/LightIcons/S_LightSpotMove.uasset" 187
"../../../Engine/Content/EditorResources/SequenceRecorder/Countdown.uasset" 188
"../../../Engine/Content/EditorResources/SequenceRecorder/RecordingIndicator.uasset" 189
"../../../Engine/Content/EditorResources/Spline/T_Loft_Spline.uasset" 190
"../../../Engine/Content/EditorSounds/Notifications/CompileSuccess.uasset" 191
"../../../Engine/Content/EditorSounds/Notifications/CompileStart_Cue.uasset" 192
"../../../Engine/Content/EngineDamageTypes/DmgTypeBP_Environmental.uasset" 193
"../../../Engine/Content/EngineDebugMaterials/HeatmapGradient.uasset" 194
"../../../Engine/Content/EngineDebugMaterials/BoneWeightMaterial.uasset" 195
"../../../Engine/Content/EngineDebugMaterials/ClothMaterial.uasset" 196
"../../../Engine/Content/EngineDebugMaterials/ClothMaterial_WF.uasset" 197
"../../../Engine/Content/EngineDebugMaterials/DebugEditorMaterial.uasset" 198
"../../../Engine/Content/EngineDebugMaterials/DebugMeshMaterial.uasset" 199
"../../../Engine/Content/EngineDebugMaterials/GeomMaterial.uasset" 200
"../../../Engine/Content/EngineDebugMaterials/LevelColorationLitMaterial.uasset" 201
"../../../Engine/Content/EngineDebugMaterials/LevelColorationUnlitMaterial.uasset" 202
"../../../Engine/Content/EngineMaterials/DefaultWhiteGrid.uasset" 203
"../../../Engine/Content/EngineDebugMaterials/MAT_LevelColorationLitLightmapUV.uasset" 204
"../../../Engine/Content/EngineDebugMaterials/M_SimpleUnlitTranslucent.uasset" 205
"../../../Engine/Content/EngineDebugMaterials/VolumeToRender.uasset" 206
"../../../Engine/Content/Functions/Engine_MaterialFunctions02/Utility/CameraDirectionVector.uasset" 207
"../../../Engine/Content/EngineDebugMaterials/M_VolumeRenderSphereTracePP.uasset" 208
"../../../Engine/Content/EngineMaterials/DefaultWhiteGrid_Low.uasset" 209
"../../../Engine/Content/EngineDebugMaterials/PhysicalMaterialMaskMaterial.uasset" 210
"../../../Engine/Content/EngineDebugMaterials/ShadedLevelColorationLitMaterial.uasset" 211
"../../../Engine/Content/EngineDebugMaterials/ShadedLevelColorationUnlitMateri.uasset" 212
"../../../Engine/Content/EngineDebugMaterials/VertexColorMaterial.uasset" 213
"../../../Engine/Content/EngineDebugMaterials/VertexColorViewMode_AlphaAsColor.uasset" 214
"../../../Engine/Content/EngineDebugMaterials/VertexColorViewMode_BlueOnly.uasset" 215
"../../../Engine/Content/EngineDebugMaterials/VertexColorViewMode_ColorOnly.uasset" 216
"../../../Engine/Content/EngineDebugMaterials/VertexColorViewMode_GreenOnly.uasset" 217
"../../../Engine/Content/EngineDebugMaterials/VertexColorViewMode_RedOnly.uasset" 218
"../../../Engine/Content/EngineDebugMaterials/WireframeMaterial.uasset" 219
"../../../Engine/Content/EngineFonts/Faces/RobotoRegular.uasset" 220
"../../../Engine/Content/EngineFonts/Faces/RobotoLight.uasset" 221
"../../../Engine/Content/EngineFonts/Faces/RobotoItalic.uasset" 222
"../../../Engine/Content/EngineFonts/Faces/RobotoBoldItalic.uasset" 223
"../../../Engine/Content/EngineFonts/Faces/RobotoBold.uasset" 224
"../../../Engine/Content/EngineFonts/Faces/DroidSansFallback.uasset" 225
"../../../Engine/Content/EngineFonts/Roboto.uasset" 226
"../../../Engine/Content/EngineFonts/Faces/RobotoTiny.uasset" 227
"../../../Engine/Content/EngineFonts/RobotoTiny.uasset" 228
"../../../Engine/Content/EngineFonts/SmallFont.uasset" 229
"../../../Engine/Content/EngineFonts/TinyFont.uasset" 230
"../../../Engine/Content/EngineMaterials/BaseFlattenNormalMap.uasset" 231
"../../../Engine/Content/EngineMaterials/BaseFlattenGrayscaleMap.uasset" 232
"../../../Engine/Content/EngineMaterials/BaseFlattenEmissiveMap.uasset" 233
"../../../Engine/Content/EngineMaterials/BaseFlattenDiffuseMap.uasset" 234
"../../../Engine/Content/EngineMaterials/BaseFlattenMaterial.uasset" 235
"../../../Engine/Content/EngineResources/WhiteSquareTexture.uasset" 236
"../../../Engine/Content/EngineMaterials/BlinkingCaret.uasset" 237
"../../../Engine/Content/EngineMaterials/BlueNoise.uasset" 238
"../../../Engine/Content/EngineMaterials/DefaultBloomKernel.uasset" 239
"../../../Engine/Content/EngineMaterials/DefaultBokeh.uasset" 240
"../../../Engine/Content/EngineMaterials/DefaultDeferredDecalMaterial.uasset" 241
"../../../Engine/Content/EngineMaterials/DefaultLightFunctionMaterial.uasset" 242
"../../../Engine/Content/EngineMaterials/DefaultNormal.uasset" 243
"../../../Engine/Content/EngineMaterials/DefaultPostProcessMaterial.uasset" 244
"../../../Engine/Content/EngineFonts/RobotoDistanceField.uasset" 245
"../../../Engine/Content/EngineMaterials/DefaultTextMaterialOpaque.uasset" 246
"../../../Engine/Content/EngineMaterials/EditorBrushMaterial.uasset" 247
"../../../Engine/Content/EngineMaterials/EmissiveMeshMaterial.uasset" 248
"../../../Engine/Content/EngineMaterials/GizmoMaterial.uasset" 249
"../../../Engine/Content/EngineMaterials/Good64x64TilingNoiseHighFreq.uasset" 250
"../../../Engine/Content/EngineMaterials/Grid_N.uasset" 251
"../../../Engine/Content/EngineMaterials/HighResolutionScreenshotMaskFunction.uasset" 252
"../../../Engine/Content/EngineMaterials/HighResScreenshot.uasset" 253
"../../../Engine/Content/EngineMaterials/HighResScreenshotCaptureRegion.uasset" 254
"../../../Engine/Content/EngineMaterials/HighResScreenshotMask.uasset" 255
"../../../Engine/Content/EngineMaterials/LandscapeHolePhysicalMaterial.uasset" 256
"../../../Engine/Content/EngineMaterials/InvalidLightmapSettings.uasset" 257
"../../../Engine/Content/EngineMaterials/M_InvalidLightmapSettings.uasset" 258
"../../../Engine/Content/EngineMaterials/PaperDiffuse.uasset" 259
"../../../Engine/Content/EngineMaterials/PaperNormal.uasset" 260
"../../../Engine/Content/Functions/Engine_MaterialFunctions02/WorldPositionOffset/CameraOffset.uasset" 261
"../../../Engine/Content/EngineMaterials/PhAT_JointLimitMaterial.uasset" 262
"../../../Engine/Content/EngineMaterials/PhysMat_Rubber.uasset" 263
"../../../Engine/Content/EngineMaterials/PreintegratedSkinBRDF.uasset" 264
"../../../Engine/Content/EngineMaterials/RemoveSurfaceMaterial.uasset" 265
"../../../Engine/Content/EngineMaterials/WeightMapPlaceholderTexture.uasset" 266
"../../../Engine/Content/Functions/Engine_MaterialFunctions01/ImageAdjustment/sRGBToLinear.uasset" 267
"../../../Engine/Content/Functions/Engine_MaterialFunctions02/Utility/BreakOutFloat3Components.uasset" 268
"../../../Engine/Content/EngineMaterials/Widget3DCameraPassThrough_Opaque_OneSided.uasset" 269
"../../../Engine/Content/EngineMaterials/Widget3DPassThrough.uasset" 270
"../../../Engine/Content/EngineMaterials/Widget3DPassThrough_Masked.uasset" 271
"../../../Engine/Content/EngineMaterials/Widget3DPassThrough_Opaque.uasset" 272
"../../../Engine/Content/EngineMaterials/Widget3DPassThrough_Masked_OneSided.uasset" 273
"../../../Engine/Content/EngineMaterials/Widget3DPassThrough_Opaque_OneSided.uasset" 274
"../../../Engine/Content/EngineMaterials/Widget3DPassThrough_Translucent.uasset" 275
"../../../Engine/Content/EngineMaterials/Widget3DPassThrough_Translucent_OneSided.uasset" 276
"../../../Engine/Content/EngineMeshes/Cylinder.uasset" 277
"../../../Engine/Content/EngineMeshes/Sphere.uasset" 278
"../../../Engine/Content/EngineResources/Black.uasset" 279
"../../../Engine/Content/EngineResources/DefaultTextureCube.uasset" 280
"../../../Engine/Content/EngineResources/DefaultVolumeTexture2D.uasset" 281
"../../../Engine/Content/EngineResources/DefaultVolumeTexture.uasset" 282
"../../../Engine/Content/EngineResources/GradientTexture0.uasset" 283
"../../../Engine/Content/EngineResources/StreamingPauseIcon.uasset" 284
"../../../Engine/Content/EngineResources/M_StreamingPause.uasset" 285
"../../../Engine/Content/EngineSky/VolumetricClouds/T_NoiseShape64.uasset" 286
"../../../Engine/Content/EngineSky/VolumetricClouds/T_VolumeNoiseShape64.uasset" 287
"../../../Engine/Content/EngineSky/VolumetricClouds/T_NoiseErosion.uasset" 288
"../../../Engine/Content/EngineSky/VolumetricClouds/T_VolumeNoiseErosion32.uasset" 289
"../../../Engine/Content/EngineSky/VolumetricClouds/CloudWeatherTexture.uasset" 290
"../../../Engine/Content/EngineSky/VolumetricClouds/CloudGradientTexture.uasset" 291
"../../../Engine/Content/EngineSky/VolumetricClouds/m_SimpleVolumetricCloud.uasset" 292
"../../../Engine/Content/EngineSky/VolumetricClouds/m_SimpleVolumetricCloud_Inst.uasset" 293
"../../../Engine/Content/EngineSounds/Master.uasset" 294
"../../../Engine/Content/EngineSounds/Music.uasset" 295
"../../../Engine/Content/EngineSounds/Voice.uasset" 296
"../../../Engine/Content/Functions/Engine_MaterialFunctions01/Shading/PowerToRoughness.uasset" 297
"../../../Engine/Content/Maps/Templates/Thumbnails/Default.uasset" 298
"../../../Engine/Content/Maps/Templates/Thumbnails/VR-Basic.uasset" 299
"../../../Engine/Content/MapTemplates/Sky/DaylightAmbientCubemap.uasset" 300
"../../../Engine/Content/MobileResources/T_MobileControls_texture.uasset" 301
"../../../Engine/Content/MobileResources/T_MobileMenu2.uasset" 302
"../../../Engine/Content/MobileResources/HUD/AnalogHat.uasset" 303
"../../../Engine/Content/MobileResources/HUD/VirtualJoystick_Thumb.uasset" 304
"../../../Engine/Content/MobileResources/HUD/VirtualJoystick_Background.uasset" 305
"../../../Engine/Content/MobileResources/HUD/DefaultVirtualJoysticks.uasset" 306
"../../../Engine/Content/MobileResources/HUD/LeftVirtualJoystickOnly.uasset" 307
"../../../Engine/Content/MobileResources/HUD/MobileHUDButton1_off.uasset" 308
"../../../Engine/Content/MobileResources/HUD/MobileHUDButton1_on.uasset" 309
"../../../Engine/Content/MobileResources/HUD/MobileHUDButton2_off.uasset" 310
"../../../Engine/Content/MobileResources/HUD/MobileHUDButton2_on.uasset" 311
"../../../Engine/Content/MobileResources/HUD/MobileHUDButton3.uasset" 312
"../../../Engine/Content/MobileResources/HUD/MobileHUDButtonFire.uasset" 313
"../../../Engine/Content/MobileResources/HUD/MobileHUDDirectionPad.uasset" 314
"../../../Engine/Content/MobileResources/HUD/MobileHUDDirectionPad2.uasset" 315
"../../../Engine/Content/MobileResources/HUD/MobileHUDDirectionPad3.uasset" 316
"../../../Engine/Content/MobileResources/HUD/MobileHUDDirectionStick.uasset" 317
"../../../Engine/Content/MobileResources/HUD/T_Castle_ThumbstickInner.uasset" 318
"../../../Engine/Content/MobileResources/HUD/T_Castle_ThumbstickOutter.uasset" 319
"../../../Engine/Content/Tutorial/ContentIntroCurve.uasset" 320
"../../../Engine/Content/Tutorial/Basics/LevelEditorAttract.uasset" 321
"../../../Engine/Content/Tutorial/Basics/TutorialAssets/icon_tab_Levels_40x.uasset" 322
"../../../Engine/Content/Tutorial/Basics/LevelEditorOverview.uasset" 323
"../../../Engine/Content/Tutorial/BlueprintTutorials/TutorialAssets/Blueprint_64x.uasset" 324
"../../../Engine/Content/Tutorial/BlueprintTutorials/BlueprintEditorTutorial.uasset" 325
"../../../Engine/Content/Tutorial/BlueprintTutorials/TutorialAssets/Tutorial_BP_MacroLib.uasset" 326
"../../../Engine/Content/VREditor/TransformGizmo/TranslucentTransformGizmoMaterial.uasset" 327
"../../../Engine/Content/VREditor/LaserPointer/VR_LaserPower_01.uasset" 328
"../../../Engine/Content/VREditor/TransformGizmo/TransformGizmoMaterial.uasset" 329
"../../../Engine/Content/VREditor/TransformGizmo/BoundingBoxCorner.uasset" 330
"../../../Engine/Content/VREditor/TransformGizmo/BoundingBoxEdge.uasset" 331
"../../../Engine/Content/VREditor/TransformGizmo/PlaneTranslationHandle.uasset" 332
"../../../Engine/Content/VREditor/TransformGizmo/Xray.uasset" 333
"../../../Engine/Content/VREditor/TransformGizmo/Main.uasset" 334
"../../../Engine/Content/VREditor/TransformGizmo/SM_Sequencer_Key.uasset" 335
"../../../Engine/Content/VREditor/TransformGizmo/SM_Sequencer_Node.uasset" 336
"F:/UE4 Projecto/Unreal Projects/ACVVG/Content/Arte/Textures/Enviroment/env1.uasset" 337
"F:/UE4 Projecto/Unreal Projects/ACVVG/Content/Arte/Textures/Enviroment/env1_TileSet.uasset" 338
"F:/UE4 Projecto/Unreal Projects/ACVVG/Content/Arte/Tilemaps/TutLvl1.uasset" 339
"F:/UE4 Projecto/Unreal Projects/ACVVG/Content/Data/Enemy1State.uasset" 340
"F:/UE4 Projecto/Unreal Projects/ACVVG/Content/Data/SkelAnimState.uasset" 341
"../../Plugins/2D/Paper2D/Content/PlaceholderTextures/DummySpriteTexture.uasset" 342
"../../Plugins/2D/Paper2D/Content/DummySprite.uasset" 343
"../../Plugins/2D/Paper2D/Content/DefaultPaperTerrainMaterial.uasset" 344
"../../Plugins/2D/Paper2D/Content/DefaultSpriteMaterial.uasset" 345
"../../Plugins/2D/Paper2D/Content/MaskedUnlitSpriteMaterial.uasset" 346
"../../Plugins/2D/Paper2D/Content/OpaqueUnlitSpriteMaterial.uasset" 347
"F:/UE4 Projecto/Unreal Projects/ACVVG/Content/Maps/MainLevel_BuiltData.uasset" 348
"../../Plugins/Editor/SpeedTreeImporter/Content/SpeedTree9/UnpackInteger3.uasset" 349
"../../Plugins/Editor/SpeedTreeImporter/Content/SpeedTree9/UnpackDirection.uasset" 350
"../../Plugins/Editor/SpeedTreeImporter/Content/SpeedTree9/game_wind_noise.uasset" 351
"../../../Engine/Content/Functions/Engine_MaterialFunctions02/SafeNormalize.uasset" 352
"../../Plugins/Editor/SpeedTreeImporter/Content/SpeedTree9/SpeedTreeWindMotion.uasset" 353
"../../Plugins/Editor/SpeedTreeImporter/Content/SpeedTree9/SpeedTreeBranchMotion.uasset" 354
"../../../Engine/Content/Functions/Engine_MaterialFunctions02/ObjectLocalBounds.uasset" 355
"../../../Engine/Content/Functions/Engine_MaterialFunctions02/UVs/BoundingBoxBased_0-1_UVW.uasset" 356
"../../Plugins/Editor/SpeedTreeImporter/Content/SpeedTree9/SpeedTreeWind.uasset" 357
"../../Plugins/Editor/SpeedTreeImporter/Content/SpeedTree9/SpeedTreeBillboard.uasset" 358
"../../../Engine/Content/EngineResources/DefaultTexture.uasset" 359
"../../Plugins/Editor/SpeedTreeImporter/Content/SpeedTree9/SpeedTreeBillboardMaster.uasset" 360
"../../Plugins/Editor/SpeedTreeImporter/Content/SpeedTree9/SpeedTreeCameraFacing.uasset" 361
"../../Plugins/Editor/SpeedTreeImporter/Content/SpeedTree9/SpeedTreeMaster.uasset" 362
"../../Plugins/FX/Niagara/Content/Enums/ENiagaraAnimTrailWidthMode.uasset" 363
"../../Plugins/FX/Niagara/Content/Enums/ENiagaraArraySamplingMode.uasset" 364
"../../Plugins/FX/Niagara/Content/Enums/ENiagaraBoneSamplingMode.uasset" 365
"../../Plugins/FX/Niagara/Content/Enums/ENiagaraBoneSocketSamplingMode.uasset" 366
"../../Plugins/FX/Niagara/Content/Enums/ENiagaraBooleanLogicOps.uasset" 367
"../../Plugins/FX/Niagara/Content/Enums/ENiagaraBooleanLogicOps_v2.uasset" 368
"../../Plugins/FX/Niagara/Content/Enums/ENiagaraCalculateRadiusOptions.uasset" 369
"../../Plugins/FX/Niagara/Content/Enums/ENiagaraChannelCorrelation.uasset" 370
"../../Plugins/FX/Niagara/Content/Enums/ENiagaraCollisionRadiusOptions.uasset" 371
"../../Plugins/FX/Niagara/Content/Enums/ENiagaraCoordinateSpace.uasset" 372
"../../Plugins/FX/Niagara/Content/Enums/ENiagaraCurlNoiseQuality.uasset" 373
"../../Plugins/FX/Niagara/Content/Enums/ENiagaraEmitterLifeCycleMode.uasset" 374
"../../Plugins/FX/Niagara/Content/Enums/ENiagaraEmitterScalabilityMode.uasset" 375
"../../Plugins/FX/Niagara/Content/Enums/ENiagaraEmitterScalabilityMode_Limited.uasset" 376
"../../Plugins/FX/Niagara/Content/Enums/ENiagaraExecutionStateManagement.uasset" 377
"../../Plugins/FX/Niagara/Content/Enums/ENiagaraExpansionMode.uasset" 378
"../../Plugins/FX/Niagara/Content/Enums/ENiagaraFrictionMergeType.uasset" 379
"../../Plugins/FX/Niagara/Content/Enums/ENiagaraGPUDepthResponseType.uasset" 380
"../../Plugins/FX/Niagara/Content/Enums/ENiagaraGridPlacementType.uasset" 381
"../../Plugins/FX/Niagara/Content/Enums/ENiagaraInactiveMode.uasset" 382
"../../Plugins/FX/Niagara/Content/Enums/ENiagaraKillVolumeOptions.uasset" 383
"../../Plugins/FX/Niagara/Content/Enums/ENiagaraLinearColor_Channels.uasset" 384
"../../Plugins/FX/Niagara/Content/Enums/ENiagaraMassByVolume.uasset" 385
"../../Plugins/FX/Niagara/Content/Enums/ENiagaraMassCalculationForRendererTypes.uasset" 386
"../../Plugins/FX/Niagara/Content/Enums/ENiagaraMeshOrSprite.uasset" 387
"../../Plugins/FX/Niagara/Content/Enums/ENiagaraMeshSamplingMode.uasset" 388
"../../Plugins/FX/Niagara/Content/Enums/ENiagaraMeshSurfaceSamplingMode.uasset" 389
"../../Plugins/FX/Niagara/Content/Enums/ENiagaraMeshTransforms.uasset" 390
"../../Plugins/FX/Niagara/Content/Enums/ENiagaraMinOrMax.uasset" 391
"../../Plugins/FX/Niagara/Content/Enums/ENiagaraNumericVariableTypes.uasset" 392
"../../Plugins/FX/Niagara/Content/Enums/ENiagaraOrientationAxis.uasset" 393
"../../Plugins/FX/Niagara/Content/Enums/ENiagaraQuaternionDerivationTechnique.uasset" 394
"../../Plugins/FX/Niagara/Content/Enums/ENiagaraRandomnessEvaluation.uasset" 395
"../../Plugins/FX/Niagara/Content/Enums/ENiagaraRandomnessMode.uasset" 396
"../../Plugins/FX/Niagara/Content/Enums/ENiagaraRestitutionMergeType.uasset" 397
"../../Plugins/FX/Niagara/Content/Enums/ENiagaraScaleColorMode.uasset" 398
"../../Plugins/FX/Niagara/Content/Enums/ENiagaraSimulationTarget.uasset" 399
"../../Plugins/FX/Niagara/Content/Enums/ENiagaraSkeletalSpawning.uasset" 400
"../../Plugins/FX/Niagara/Content/Enums/ENiagaraSkelSamplingFilteringMode.uasset" 401
"../../Plugins/FX/Niagara/Content/Enums/ENiagaraSkelSamplingModeFull.uasset" 402
"../../Plugins/FX/Niagara/Content/Enums/ENiagaraSocketSamplingMode.uasset" 403
"../../Plugins/FX/Niagara/Content/Enums/ENiagaraSphereDistributionMode.uasset" 404
"../../Plugins/FX/Niagara/Content/Enums/ENiagaraSUbUVAnimationMode.uasset" 405
"../../Plugins/FX/Niagara/Content/Enums/ENiagaraSystemInactiveMode.uasset" 406
"../../Plugins/FX/Niagara/Content/Enums/ENiagaraTorusDistributionMode.uasset" 407
"../../Plugins/FX/Niagara/Content/Enums/ENiagaraTorusMode.uasset" 408
"../../Plugins/FX/Niagara/Content/Enums/ENiagaraTriangleSamplingMode.uasset" 409
"../../Plugins/FX/Niagara/Content/Enums/ENiagaraVector2_Channels.uasset" 410
"../../Plugins/FX/Niagara/Content/Enums/ENiagaraVector3_Channels.uasset" 411
"../../Plugins/FX/Niagara/Content/Enums/ENiagaraVector4_Channels.uasset" 412
"../../Plugins/FX/Niagara/Content/Enums/ENiagaraVertexFilteringMode.uasset" 413
"../../Plugins/FX/Niagara/Content/Enums/ENiagaraVertexSamplingMode.uasset" 414
"../../Plugins/FX/Niagara/Content/Enums/ENiagara_AudioParamType.uasset" 415
"../../Plugins/FX/Niagara/Content/Enums/ENiagara_BankOnTurns.uasset" 416
"../../Plugins/FX/Niagara/Content/Enums/ENiagara_CameraMeshOrientation.uasset" 417
"../../Plugins/FX/Niagara/Content/Enums/ENiagara_CameraProperties.uasset" 418
"../../Plugins/FX/Niagara/Content/Enums/ENiagara_CollisionType.uasset" 419
"../../Plugins/FX/Niagara/Content/Enums/ENiagara_ColorInitializationMode.uasset" 420
"../../Plugins/FX/Niagara/Content/Enums/ENiagara_CPUCollisionType.uasset" 421
"../../Plugins/FX/Niagara/Content/Enums/ENiagara_DirectReadApplicationMode.uasset" 422
"../../Plugins/FX/Niagara/Content/Enums/ENiagara_DirectReadParticleIDSampling.uasset" 423
"../../Plugins/FX/Niagara/Content/Enums/ENiagara_DirectReadSamplingMode.uasset" 424
"../../Plugins/FX/Niagara/Content/Enums/ENiagara_EmitterLocSamplingMode.uasset" 425
"../../Plugins/FX/Niagara/Content/Enums/ENiagara_EmitterStateOptions.uasset" 426
"../../Plugins/FX/Niagara/Content/Enums/ENiagara_FadeOperationType.uasset" 427
"../../Plugins/FX/Niagara/Content/Enums/ENiagara_Float4Channel.uasset" 428
"../../Plugins/FX/Niagara/Content/Enums/ENiagara_GPUCollisionType.uasset" 429
"../../Plugins/FX/Niagara/Content/Enums/ENiagara_IDAttributes.uasset" 430
"../../Plugins/FX/Niagara/Content/Enums/ENiagara_InfiniteLoopDuration.uasset" 431
"../../Plugins/FX/Niagara/Content/Enums/ENiagara_LifetimeInheritanceOptions.uasset" 432
"../../Plugins/FX/Niagara/Content/Enums/ENiagara_LifetimeMode.uasset" 433
"../../Plugins/FX/Niagara/Content/Enums/ENiagara_MassInitializationMode.uasset" 434
"../../Plugins/FX/Niagara/Content/Enums/ENiagara_MultipleLerpCount.uasset" 435
"../../Plugins/FX/Niagara/Content/Enums/ENiagara_PositionInitializationMode.uasset" 436
"../../Plugins/FX/Niagara/Content/Enums/ENiagara_RotationDefinitionApproach.uasset" 437
"../../Plugins/FX/Niagara/Content/Enums/ENiagara_SizeScaleMode.uasset" 438
"../../Plugins/FX/Niagara/Content/Enums/ENiagara_SpawnBurstMode.uasset" 439
"../../Plugins/FX/Niagara/Content/Enums/ENiagara_SpriteRotationMode.uasset" 440
"../../Plugins/FX/Niagara/Content/Enums/ENiagara_SubUVLookupMode.uasset" 441
"../../Plugins/FX/Niagara/Content/Enums/ENiagara_TransformBaseOptions.uasset" 442
"../../Plugins/FX/Niagara/Content/Enums/ENiagara_TransformMode.uasset" 443
"../../Plugins/FX/Niagara/Content/Enums/ENiagara_TransformOrientationMode.uasset" 444
"../../Plugins/FX/Niagara/Content/Enums/ENiagara_UVFlippingMode.uasset" 445
"../../Plugins/FX/Niagara/Content/Enums/Niagara_Units.uasset" 446
"../../Plugins/FX/Niagara/Content/Enums/CascadeConversion/ECascadeNiagaraOrbitChainMode.uasset" 447
"../../Plugins/FX/Niagara/Content/Enums/CascadeConversion/ECascadeNiagaraTwoVectorChannels.uasset" 448
"../../Plugins/FX/Niagara/Content/Icons/S_ParticleSystem.uasset" 449
"../../../Engine/Content/BasicShapes/Cylinder.uasset" 450
"../../../Engine/Content/ArtTools/RenderToTexture/Materials/Debug/M_Emissive_Color.uasset" 451
"../../Plugins/Lumin/MagicLeapPassableWorld/Content/MagicLeapARPinInfoActor.uasset" 452
"../../../Engine/Content/Functions/Engine_MaterialFunctions02/Utility/BreakOutFloat4Components.uasset" 453
"../../Plugins/Runtime/Oculus/OculusVR/Content/Materials/OculusMR_ChromaKey.uasset" 454
"../../Plugins/Runtime/Oculus/OculusVR/Content/Materials/OculusMR_OpaqueColoredMaterial.uasset" 455
"../../Plugins/Runtime/Oculus/OculusVR/Content/Materials/PokeAHoleMaterial.uasset" 456
"F:/UE4 Projecto/Unreal Projects/ACVVG/Content/Sounds/Player/Foot.uasset" 457
"../../../Engine/Content/EngineSounds/Normal_Attack.uasset" 458
"../../../Engine/Content/EngineSounds/Duck_Normal_Attack_MixMod.uasset" 459
"../../../Engine/Content/EngineSounds/Special_Attack_PSM.uasset" 460
"../../../Engine/Content/EngineSounds/SFX.uasset" 461
"F:/UE4 Projecto/Unreal Projects/ACVVG/Content/Sounds/Player/StepsSnd.uasset" 462
"F:/UE4 Projecto/Unreal Projects/ACVVG/Content/Sounds/Player/Airjump.uasset" 463
"F:/UE4 Projecto/Unreal Projects/ACVVG/Content/Sounds/Player/Airjump_Cue.uasset" 464
"F:/UE4 Projecto/Unreal Projects/ACVVG/Content/Data/AnimationState.uasset" 465
"F:/UE4 Projecto/Unreal Projects/ACVVG/Content/Blueprints/Actors_FX/bp_preIce0.uasset" 466
"F:/UE4 Projecto/Unreal Projects/ACVVG/Content/Arte/Textures/FX/FB_folders/dustland/DustLanding2.uasset" 467
"F:/UE4 Projecto/Unreal Projects/ACVVG/Content/Arte/Textures/FX/FB_folders/dustland/DustLanding2_Sprite_9.uasset" 468
"F:/UE4 Projecto/Unreal Projects/ACVVG/Content/Arte/Textures/FX/FB_folders/dustland/DustLanding2_Sprite_8.uasset" 469
"F:/UE4 Projecto/Unreal Projects/ACVVG/Content/Arte/Textures/FX/FB_folders/dustland/DustLanding2_Sprite_7.uasset" 470
"F:/UE4 Projecto/Unreal Projects/ACVVG/Content/Arte/Textures/FX/FB_folders/dustland/DustLanding2_Sprite_6.uasset" 471
"F:/UE4 Projecto/Unreal Projects/ACVVG/Content/Arte/Textures/FX/FB_folders/dustland/DustLanding2_Sprite_5.uasset" 472
"F:/UE4 Projecto/Unreal Projects/ACVVG/Content/Arte/Textures/FX/FB_folders/dustland/DustLanding2_Sprite_4.uasset" 473
"F:/UE4 Projecto/Unreal Projects/ACVVG/Content/Arte/Textures/FX/FB_folders/dustland/DustLanding2_Sprite_3.uasset" 474
"F:/UE4 Projecto/Unreal Projects/ACVVG/Content/Arte/Textures/FX/FB_folders/dustland/DustLanding2_Sprite_2.uasset" 475
"F:/UE4 Projecto/Unreal Projects/ACVVG/Content/Arte/Textures/FX/FB_folders/dustland/DustLanding2_Sprite_14.uasset" 476
"F:/UE4 Projecto/Unreal Projects/ACVVG/Content/Arte/Textures/FX/FB_folders/dustland/DustLanding2_Sprite_13.uasset" 477
"F:/UE4 Projecto/Unreal Projects/ACVVG/Content/Arte/Textures/FX/FB_folders/dustland/DustLanding2_Sprite_12.uasset" 478
"F:/UE4 Projecto/Unreal Projects/ACVVG/Content/Arte/Textures/FX/FB_folders/dustland/DustLanding2_Sprite_11.uasset" 479
"F:/UE4 Projecto/Unreal Projects/ACVVG/Content/Arte/Textures/FX/FB_folders/dustland/DustLanding2_Sprite_10.uasset" 480
"F:/UE4 Projecto/Unreal Projects/ACVVG/Content/Arte/Sprites/Efectos/FX_DustLanding3.uasset" 481
"F:/UE4 Projecto/Unreal Projects/ACVVG/Content/Blueprints/Actors_FX/bp_DustWall.uasset" 482
"F:/UE4 Projecto/Unreal Projects/ACVVG/Content/Arte/Textures/FX/FB_folders/dustAir/DustAirJump.uasset" 483
"F:/UE4 Projecto/Unreal Projects/ACVVG/Content/Arte/Textures/FX/FB_folders/dustAir/DustAirJump___9.uasset" 484
"F:/UE4 Projecto/Unreal Projects/ACVVG/Content/Arte/Textures/FX/FB_folders/dustAir/DustAirJump___8.uasset" 485
"F:/UE4 Projecto/Unreal Projects/ACVVG/Content/Arte/Textures/FX/FB_folders/dustAir/DustAirJump___7.uasset" 486
"F:/UE4 Projecto/Unreal Projects/ACVVG/Content/Arte/Textures/FX/FB_folders/dustAir/DustAirJump___6.uasset" 487
"F:/UE4 Projecto/Unreal Projects/ACVVG/Content/Arte/Textures/FX/FB_folders/dustAir/DustAirJump___5.uasset" 488
"F:/UE4 Projecto/Unreal Projects/ACVVG/Content/Arte/Textures/FX/FB_folders/dustAir/DustAirJump___4.uasset" 489
"F:/UE4 Projecto/Unreal Projects/ACVVG/Content/Arte/Textures/FX/FB_folders/dustAir/DustAirJump___3.uasset" 490
"F:/UE4 Projecto/Unreal Projects/ACVVG/Content/Arte/Textures/FX/FB_folders/dustAir/DustAirJump___2.uasset" 491
"F:/UE4 Projecto/Unreal Projects/ACVVG/Content/Arte/Textures/FX/FB_folders/dustAir/DustAirJump___14.uasset" 492
"F:/UE4 Projecto/Unreal Projects/ACVVG/Content/Arte/Textures/FX/FB_folders/dustAir/DustAirJump___13.uasset" 493
"F:/UE4 Projecto/Unreal Projects/ACVVG/Content/Arte/Textures/FX/FB_folders/dustAir/DustAirJump___12.uasset" 494
"F:/UE4 Projecto/Unreal Projects/ACVVG/Content/Arte/Textures/FX/FB_folders/dustAir/DustAirJump___11.uasset" 495
"F:/UE4 Projecto/Unreal Projects/ACVVG/Content/Arte/Textures/FX/FB_folders/dustAir/DustAirJump___10.uasset" 496
"F:/UE4 Projecto/Unreal Projects/ACVVG/Content/Arte/Sprites/Efectos/FX_DustAirJump1.uasset" 497
"F:/UE4 Projecto/Unreal Projects/ACVVG/Content/Blueprints/Actors_FX/bp_DustAir.uasset" 498
"F:/UE4 Projecto/Unreal Projects/ACVVG/Content/Arte/Textures/FX/FB_folders/dustland/DustLanding.uasset" 499
"../../Plugins/2D/Paper2D/Content/TranslucentUnlitSpriteMaterial.uasset" 500
"F:/UE4 Projecto/Unreal Projects/ACVVG/Content/Arte/Textures/FX/FB_folders/dustland/DustLanding_Sprite_9.uasset" 501
"F:/UE4 Projecto/Unreal Projects/ACVVG/Content/Arte/Textures/FX/FB_folders/dustland/DustLanding_Sprite_8.uasset" 502
"F:/UE4 Projecto/Unreal Projects/ACVVG/Content/Arte/Textures/FX/FB_folders/dustland/DustLanding_Sprite_7.uasset" 503
"F:/UE4 Projecto/Unreal Projects/ACVVG/Content/Arte/Textures/FX/FB_folders/dustland/DustLanding_Sprite_6.uasset" 504
"F:/UE4 Projecto/Unreal Projects/ACVVG/Content/Arte/Textures/FX/FB_folders/dustland/DustLanding_Sprite_5.uasset" 505
"F:/UE4 Projecto/Unreal Projects/ACVVG/Content/Arte/Textures/FX/FB_folders/dustland/DustLanding_Sprite_4.uasset" 506
"F:/UE4 Projecto/Unreal Projects/ACVVG/Content/Arte/Textures/FX/FB_folders/dustland/DustLanding_Sprite_3.uasset" 507
"F:/UE4 Projecto/Unreal Projects/ACVVG/Content/Arte/Textures/FX/FB_folders/dustland/DustLanding_Sprite_2.uasset" 508
"F:/UE4 Projecto/Unreal Projects/ACVVG/Content/Arte/Textures/FX/FB_folders/dustland/DustLanding_Sprite_15.uasset" 509
"F:/UE4 Projecto/Unreal Projects/ACVVG/Content/Arte/Textures/FX/FB_folders/dustland/DustLanding_Sprite_14.uasset" 510
"F:/UE4 Projecto/Unreal Projects/ACVVG/Content/Arte/Textures/FX/FB_folders/dustland/DustLanding_Sprite_13.uasset" 511
"F:/UE4 Projecto/Unreal Projects/ACVVG/Content/Arte/Textures/FX/FB_folders/dustland/DustLanding_Sprite_12.uasset" 512
"F:/UE4 Projecto/Unreal Projects/ACVVG/Content/Arte/Textures/FX/FB_folders/dustland/DustLanding_Sprite_11.uasset" 513
"F:/UE4 Projecto/Unreal Projects/ACVVG/Content/Arte/Textures/FX/FB_folders/dustland/DustLanding_Sprite_10.uasset" 514
"F:/UE4 Projecto/Unreal Projects/ACVVG/Content/Arte/Sprites/Efectos/FX_DustLanding1.uasset" 515
"F:/UE4 Projecto/Unreal Projects/ACVVG/Content/Blueprints/Actors_FX/bp_DashDust.uasset" 516
"F:/UE4 Projecto/Unreal Projects/ACVVG/Content/Blueprints/Actors_FX/bp_Dust.uasset" 517
"F:/UE4 Projecto/Unreal Projects/ACVVG/Content/Blueprints/PickUp/bpPickUp_Base.uasset" 518
"F:/UE4 Projecto/Unreal Projects/ACVVG/Content/Arte/Textures/FX/FB_folders/lifeorb/life_orb.uasset" 519
"F:/UE4 Projecto/Unreal Projects/ACVVG/Content/Arte/Textures/FX/FB_folders/lifeorb/life_orb___9.uasset" 520
"F:/UE4 Projecto/Unreal Projects/ACVVG/Content/Arte/Textures/FX/FB_folders/lifeorb/life_orb___8.uasset" 521
"F:/UE4 Projecto/Unreal Projects/ACVVG/Content/Arte/Textures/FX/FB_folders/lifeorb/life_orb___7.uasset" 522
"F:/UE4 Projecto/Unreal Projects/ACVVG/Content/Arte/Textures/FX/FB_folders/lifeorb/life_orb___6.uasset" 523
"F:/UE4 Projecto/Unreal Projects/ACVVG/Content/Arte/Textures/FX/FB_folders/lifeorb/life_orb___5.uasset" 524
"F:/UE4 Projecto/Unreal Projects/ACVVG/Content/Arte/Textures/FX/FB_folders/lifeorb/life_orb___4.uasset" 525
"F:/UE4 Projecto/Unreal Projects/ACVVG/Content/Arte/Textures/FX/FB_folders/lifeorb/life_orb___35.uasset" 526
"F:/UE4 Projecto/Unreal Projects/ACVVG/Content/Arte/Textures/FX/FB_folders/lifeorb/life_orb___34.uasset" 527
"F:/UE4 Projecto/Unreal Projects/ACVVG/Content/Arte/Textures/FX/FB_folders/lifeorb/life_orb___33.uasset" 528
"F:/UE4 Projecto/Unreal Projects/ACVVG/Content/Arte/Textures/FX/FB_folders/lifeorb/life_orb___32.uasset" 529
"F:/UE4 Projecto/Unreal Projects/ACVVG/Content/Arte/Textures/FX/FB_folders/lifeorb/life_orb___31.uasset" 530
"F:/UE4 Projecto/Unreal Projects/ACVVG/Content/Arte/Textures/FX/FB_folders/lifeorb/life_orb___30.uasset" 531
"F:/UE4 Projecto/Unreal Projects/ACVVG/Content/Arte/Textures/FX/FB_folders/lifeorb/life_orb___3.uasset" 532
"F:/UE4 Projecto/Unreal Projects/ACVVG/Content/Arte/Textures/FX/FB_folders/lifeorb/life_orb___28.uasset" 533
"F:/UE4 Projecto/Unreal Projects/ACVVG/Content/Arte/Textures/FX/FB_folders/lifeorb/life_orb___27.uasset" 534
"F:/UE4 Projecto/Unreal Projects/ACVVG/Content/Arte/Textures/FX/FB_folders/lifeorb/life_orb___26.uasset" 535
"F:/UE4 Projecto/Unreal Projects/ACVVG/Content/Arte/Textures/FX/FB_folders/lifeorb/life_orb___25.uasset" 536
"F:/UE4 Projecto/Unreal Projects/ACVVG/Content/Arte/Textures/FX/FB_folders/lifeorb/life_orb___24.uasset" 537
"F:/UE4 Projecto/Unreal Projects/ACVVG/Content/Arte/Textures/FX/FB_folders/lifeorb/life_orb___23.uasset" 538
"F:/UE4 Projecto/Unreal Projects/ACVVG/Content/Arte/Textures/FX/FB_folders/lifeorb/life_orb___22.uasset" 539
"F:/UE4 Projecto/Unreal Projects/ACVVG/Content/Arte/Textures/FX/FB_folders/lifeorb/life_orb___21.uasset" 540
"F:/UE4 Projecto/Unreal Projects/ACVVG/Content/Arte/Textures/FX/FB_folders/lifeorb/life_orb___20.uasset" 541
"F:/UE4 Projecto/Unreal Projects/ACVVG/Content/Arte/Textures/FX/FB_folders/lifeorb/life_orb___2.uasset" 542
"F:/UE4 Projecto/Unreal Projects/ACVVG/Content/Arte/Textures/FX/FB_folders/lifeorb/life_orb___19.uasset" 543
"F:/UE4 Projecto/Unreal Projects/ACVVG/Content/Arte/Textures/FX/FB_folders/lifeorb/life_orb___18.uasset" 544
"F:/UE4 Projecto/Unreal Projects/ACVVG/Content/Arte/Textures/FX/FB_folders/lifeorb/life_orb___17.uasset" 545
"F:/UE4 Projecto/Unreal Projects/ACVVG/Content/Arte/Textures/FX/FB_folders/lifeorb/life_orb___16.uasset" 546
"F:/UE4 Projecto/Unreal Projects/ACVVG/Content/Arte/Textures/FX/FB_folders/lifeorb/life_orb___15.uasset" 547
"F:/UE4 Projecto/Unreal Projects/ACVVG/Content/Arte/Textures/FX/FB_folders/lifeorb/life_orb___14.uasset" 548
"F:/UE4 Projecto/Unreal Projects/ACVVG/Content/Arte/Textures/FX/FB_folders/lifeorb/life_orb___13.uasset" 549
"F:/UE4 Projecto/Unreal Projects/ACVVG/Content/Arte/Textures/FX/FB_folders/lifeorb/life_orb___12.uasset" 550
"F:/UE4 Projecto/Unreal Projects/ACVVG/Content/Arte/Textures/FX/FB_folders/lifeorb/life_orb___29.uasset" 551
"F:/UE4 Projecto/Unreal Projects/ACVVG/Content/Arte/Textures/FX/FB_folders/lifeorb/life_orb___11.uasset" 552
"F:/UE4 Projecto/Unreal Projects/ACVVG/Content/Arte/Textures/FX/FB_folders/lifeorb/life_orb___10.uasset" 553
"F:/UE4 Projecto/Unreal Projects/ACVVG/Content/Arte/Textures/FX/FB_folders/lifeorb/life_orb___1.uasset" 554
"F:/UE4 Projecto/Unreal Projects/ACVVG/Content/Arte/Textures/FX/FB_folders/lifeorb/life_orb___0.uasset" 555
"F:/UE4 Projecto/Unreal Projects/ACVVG/Content/Arte/Sprites/Efectos/FX_lifeorb.uasset" 556
"F:/UE4 Projecto/Unreal Projects/ACVVG/Content/Blueprints/PickUp/BP_PickUp_Heart.uasset" 557
"F:/UE4 Projecto/Unreal Projects/ACVVG/Content/Blueprints/PickUp/BP_PickUp_Coin.uasset" 558
"F:/UE4 Projecto/Unreal Projects/ACVVG/Content/Blueprints/GameControllerBP.uasset" 559
"F:/UE4 Projecto/Unreal Projects/ACVVG/Content/Arte/Textures/Menu/FondoMenu.uasset" 560
"F:/UE4 Projecto/Unreal Projects/ACVVG/Content/Blueprints/BPMenu1.uasset" 561
"F:/UE4 Projecto/Unreal Projects/ACVVG/Content/Arte/Textures/Spectral-Medium.uasset" 562
"F:/UE4 Projecto/Unreal Projects/ACVVG/Content/Arte/Textures/Spectral-Medium_Font.uasset" 563
"F:/UE4 Projecto/Unreal Projects/ACVVG/Content/Arte/Textures/Silver.uasset" 564
"F:/UE4 Projecto/Unreal Projects/ACVVG/Content/Arte/Textures/Silver_Font.uasset" 565
"F:/UE4 Projecto/Unreal Projects/ACVVG/Content/Arte/Textures/runeF.uasset" 566
"F:/UE4 Projecto/Unreal Projects/ACVVG/Content/Blueprints/Player/Components/bpHUD.uasset" 567
"F:/UE4 Projecto/Unreal Projects/ACVVG/Content/Arte/Textures/Characters/MeebOAnim.uasset" 568
"F:/UE4 Projecto/Unreal Projects/ACVVG/Content/Arte/Textures/Characters/MeebOAnim_Sprite_12.uasset" 569
"F:/UE4 Projecto/Unreal Projects/ACVVG/Content/Arte/Textures/Characters/MeebOAnim_Sprite_11.uasset" 570
"F:/UE4 Projecto/Unreal Projects/ACVVG/Content/Arte/Textures/Characters/MeebOAnim_Sprite_10.uasset" 571
"F:/UE4 Projecto/Unreal Projects/ACVVG/Content/Arte/Textures/Characters/MeebOAnim1.uasset" 572
"F:/UE4 Projecto/Unreal Projects/ACVVG/Content/Arte/Textures/Characters/j4.uasset" 573
"F:/UE4 Projecto/Unreal Projects/ACVVG/Content/Arte/Textures/Characters/j3.uasset" 574
"F:/UE4 Projecto/Unreal Projects/ACVVG/Content/Arte/Textures/Characters/j2.uasset" 575
"F:/UE4 Projecto/Unreal Projects/ACVVG/Content/Arte/Textures/Characters/j1.uasset" 576
"F:/UE4 Projecto/Unreal Projects/ACVVG/Content/Arte/Textures/Characters/j.uasset" 577
"F:/UE4 Projecto/Unreal Projects/ACVVG/Content/Arte/Textures/Characters/idle5.uasset" 578
"F:/UE4 Projecto/Unreal Projects/ACVVG/Content/Arte/Textures/Characters/idle4.uasset" 579
"F:/UE4 Projecto/Unreal Projects/ACVVG/Content/Arte/Textures/Characters/idle3.uasset" 580
"F:/UE4 Projecto/Unreal Projects/ACVVG/Content/Arte/Textures/Characters/idle2.uasset" 581
"F:/UE4 Projecto/Unreal Projects/ACVVG/Content/Arte/Textures/Characters/idle1.uasset" 582
"F:/UE4 Projecto/Unreal Projects/ACVVG/Content/Arte/Textures/Characters/idle.uasset" 583
"F:/UE4 Projecto/Unreal Projects/ACVVG/Content/Blueprints/Player/bpPlayer.uasset" 584
"F:/UE4 Projecto/Unreal Projects/ACVVG/Content/Arte/Textures/Enviroment/fondoceleste.uasset" 585
"F:/UE4 Projecto/Unreal Projects/ACVVG/Content/Arte/Textures/Enviroment/fondoceleste_Sprite.uasset" 586
"F:/UE4 Projecto/Unreal Projects/ACVVG/Content/Blueprints/Player/Components/bpFollowCamera.uasset" 587
"../../../Engine/Content/Maps/Entry_BuiltData.uasset" 588
"../../../Engine/Content/Maps/Entry.umap" 589
"F:/UE4 Projecto/Unreal Projects/ACVVG/Content/Maps/MainMenu_BuiltData.uasset" 590
"F:/UE4 Projecto/Unreal Projects/ACVVG/Content/Maps/MainMenu.umap" 591
